[     161ms] [LOG] JQMIGRATE: Migrate is installed, version 3.4.1 @ http://localhost:8888/wp-admin/load-scripts.php?c=0&load%5Bchunk_0%5D=clipboard,jquery-core,jquery-migrate,zxcvbn-async,wp-hooks&ver=6.9.4:6
[   23302ms] [LOG] JQMIGRATE: Migrate is installed, version 3.4.1 @ http://localhost:8888/wp-admin/load-scripts.php?c=0&load%5Bchunk_0%5D=jquery-core,jquery-migrate,utils&ver=6.9.4:4
[   23431ms] [LOG] [BBAI] PostHog script injection start https://us-assets.i.posthog.com/static/array.js @ http://localhost:8888/wp-content/plugins/beepbeep-ai-alt-text-generator/assets/js/bbai-posthog.js?ver=1776627859:156
[   23492ms] [LOG] [BBAI] PostHog script onload https://us-assets.i.posthog.com/static/array.js {libraryApiReady: true} @ http://localhost:8888/wp-content/plugins/beepbeep-ai-alt-text-generator/assets/js/bbai-posthog.js?ver=1776627859:156
[   23492ms] [LOG] [BBAI] PostHog init run {instance: posthog, apiHost: https://us.i.posthog.com} @ http://localhost:8888/wp-content/plugins/beepbeep-ai-alt-text-generator/assets/js/bbai-posthog.js?ver=1776627859:156
[   23496ms] [LOG] [BBAI] PostHog ready {instance: bbaiPosthog, loaded: true, hasConfig: true} @ http://localhost:8888/wp-content/plugins/beepbeep-ai-alt-text-generator/assets/js/bbai-posthog.js?ver=1776627859:156
[   23497ms] [LOG] [BBAI] bbaiTrack send plugin_opened {page: dashboard, site_hash: 02c0ab52e1ef4d6f618e4ac907c2383cafd7d36bf2408bfa12f3695f0f44ba98, site_url: http://localhost:8888/, is_logged_in: true, plan_type: free} @ http://localhost:8888/wp-content/plugins/beepbeep-ai-alt-text-generator/assets/js/bbai-posthog.js?ver=1776627859:156
[   23497ms] [LOG] [BBAI] bbaiTrack send dashboard_viewed {page: dashboard, site_hash: 02c0ab52e1ef4d6f618e4ac907c2383cafd7d36bf2408bfa12f3695f0f44ba98, site_url: http://localhost:8888/, is_logged_in: true, plan_type: free} @ http://localhost:8888/wp-content/plugins/beepbeep-ai-alt-text-generator/assets/js/bbai-posthog.js?ver=1776627859:156
[   23497ms] [LOG] [BBAI] bbaiTrack send needs_attention_banner_shown {page: dashboard, site_hash: 02c0ab52e1ef4d6f618e4ac907c2383cafd7d36bf2408bfa12f3695f0f44ba98, site_url: http://localhost:8888/, is_logged_in: true, plan_type: free} @ http://localhost:8888/wp-content/plugins/beepbeep-ai-alt-text-generator/assets/js/bbai-posthog.js?ver=1776627859:156
[   28016ms] [LOG] JQMIGRATE: Migrate is installed, version 3.4.1 @ http://localhost:8888/wp-admin/load-scripts.php?c=0&load%5Bchunk_0%5D=jquery-core,jquery-migrate,utils&ver=6.9.4:4
[   28062ms] [LOG] [BBAI] PostHog script injection start https://us-assets.i.posthog.com/static/array.js @ http://localhost:8888/wp-content/plugins/beepbeep-ai-alt-text-generator/assets/js/bbai-posthog.js?ver=1776627859:156
[   28083ms] [LOG] [BBAI] PostHog script onload https://us-assets.i.posthog.com/static/array.js {libraryApiReady: true} @ http://localhost:8888/wp-content/plugins/beepbeep-ai-alt-text-generator/assets/js/bbai-posthog.js?ver=1776627859:156
[   28083ms] [LOG] [BBAI] PostHog init run {instance: posthog, apiHost: https://us.i.posthog.com} @ http://localhost:8888/wp-content/plugins/beepbeep-ai-alt-text-generator/assets/js/bbai-posthog.js?ver=1776627859:156
[   28086ms] [LOG] [BBAI] PostHog ready {instance: bbaiPosthog, loaded: true, hasConfig: true} @ http://localhost:8888/wp-content/plugins/beepbeep-ai-alt-text-generator/assets/js/bbai-posthog.js?ver=1776627859:156
[   28086ms] [LOG] [BBAI] bbaiTrack send plugin_opened {page: dashboard, site_hash: 02c0ab52e1ef4d6f618e4ac907c2383cafd7d36bf2408bfa12f3695f0f44ba98, site_url: http://localhost:8888/, is_logged_in: true, plan_type: free} @ http://localhost:8888/wp-content/plugins/beepbeep-ai-alt-text-generator/assets/js/bbai-posthog.js?ver=1776627859:156
[   28087ms] [LOG] [BBAI] bbaiTrack send dashboard_viewed {page: dashboard, site_hash: 02c0ab52e1ef4d6f618e4ac907c2383cafd7d36bf2408bfa12f3695f0f44ba98, site_url: http://localhost:8888/, is_logged_in: true, plan_type: free} @ http://localhost:8888/wp-content/plugins/beepbeep-ai-alt-text-generator/assets/js/bbai-posthog.js?ver=1776627859:156
[   28087ms] [LOG] [BBAI] bbaiTrack send needs_attention_banner_shown {page: dashboard, site_hash: 02c0ab52e1ef4d6f618e4ac907c2383cafd7d36bf2408bfa12f3695f0f44ba98, site_url: http://localhost:8888/, is_logged_in: true, plan_type: free} @ http://localhost:8888/wp-content/plugins/beepbeep-ai-alt-text-generator/assets/js/bbai-posthog.js?ver=1776627859:156
[   53476ms] [LOG] [BBAI] bbaiTrack send generation_started {page: dashboard, site_hash: 02c0ab52e1ef4d6f618e4ac907c2383cafd7d36bf2408bfa12f3695f0f44ba98, site_url: http://localhost:8888/, is_logged_in: true, plan_type: free} @ http://localhost:8888/wp-content/plugins/beepbeep-ai-alt-text-generator/assets/js/bbai-posthog.js?ver=1776627859:156
[   53477ms] [LOG] [BBAI] bbaiTrack send feature_used {page: dashboard, site_hash: 02c0ab52e1ef4d6f618e4ac907c2383cafd7d36bf2408bfa12f3695f0f44ba98, site_url: http://localhost:8888/, is_logged_in: true, plan_type: free} @ http://localhost:8888/wp-content/plugins/beepbeep-ai-alt-text-generator/assets/js/bbai-posthog.js?ver=1776627859:156
[   53916ms] [LOG] [BBAI] Generation result {results: Array(1), requested_count: 1, processable_count: 1, processed_count: 1, failed_count: 0} @ http://localhost:8888/wp-content/plugins/beepbeep-ai-alt-text-generator/assets/js/bbai-admin.js?ver=1776675376:15590
[   57381ms] [LOG] [BBAI] Generation result {results: Array(1), requested_count: 1, processable_count: 1, processed_count: 1, failed_count: 0} @ http://localhost:8888/wp-content/plugins/beepbeep-ai-alt-text-generator/assets/js/bbai-admin.js?ver=1776675376:15590
[   60422ms] [LOG] [BBAI] Generation result {results: Array(1), requested_count: 1, processable_count: 1, processed_count: 1, failed_count: 0} @ http://localhost:8888/wp-content/plugins/beepbeep-ai-alt-text-generator/assets/js/bbai-admin.js?ver=1776675376:15590
[   63740ms] [LOG] [BBAI] Generation result {results: Array(1), requested_count: 1, processable_count: 1, processed_count: 1, failed_count: 0} @ http://localhost:8888/wp-content/plugins/beepbeep-ai-alt-text-generator/assets/js/bbai-admin.js?ver=1776675376:15590
[   67084ms] [LOG] [BBAI] Generation result {results: Array(1), requested_count: 1, processable_count: 1, processed_count: 1, failed_count: 0} @ http://localhost:8888/wp-content/plugins/beepbeep-ai-alt-text-generator/assets/js/bbai-admin.js?ver=1776675376:15590
[   70116ms] [LOG] [BBAI] Generation result {results: Array(1), requested_count: 1, processable_count: 1, processed_count: 1, failed_count: 0} @ http://localhost:8888/wp-content/plugins/beepbeep-ai-alt-text-generator/assets/js/bbai-admin.js?ver=1776675376:15590
[   73189ms] [LOG] [BBAI] Generation result {results: Array(1), requested_count: 1, processable_count: 1, processed_count: 1, failed_count: 0} @ http://localhost:8888/wp-content/plugins/beepbeep-ai-alt-text-generator/assets/js/bbai-admin.js?ver=1776675376:15590
[   73444ms] [LOG] [BBAI] bbaiTrack send batch_generation_cta_shown {page: dashboard, site_hash: 02c0ab52e1ef4d6f618e4ac907c2383cafd7d36bf2408bfa12f3695f0f44ba98, site_url: http://localhost:8888/, is_logged_in: true, plan_type: free} @ http://localhost:8888/wp-content/plugins/beepbeep-ai-alt-text-generator/assets/js/bbai-posthog.js?ver=1776627859:156
[   73454ms] [LOG] [BBAI] bbaiTrack send batch_generation_completed {page: dashboard, site_hash: 02c0ab52e1ef4d6f618e4ac907c2383cafd7d36bf2408bfa12f3695f0f44ba98, site_url: http://localhost:8888/, is_logged_in: true, plan_type: free} @ http://localhost:8888/wp-content/plugins/beepbeep-ai-alt-text-generator/assets/js/bbai-posthog.js?ver=1776627859:156
[   73454ms] [LOG] [BBAI] bbaiTrack send generation_completed {page: dashboard, site_hash: 02c0ab52e1ef4d6f618e4ac907c2383cafd7d36bf2408bfa12f3695f0f44ba98, site_url: http://localhost:8888/, is_logged_in: true, plan_type: free} @ http://localhost:8888/wp-content/plugins/beepbeep-ai-alt-text-generator/assets/js/bbai-posthog.js?ver=1776627859:156
[   86076ms] [LOG] JQMIGRATE: Migrate is installed, version 3.4.1 @ http://localhost:8888/wp-admin/load-scripts.php?c=0&load%5Bchunk_0%5D=jquery-core,jquery-migrate,utils&ver=6.9.4:4
[   86132ms] [LOG] [BBAI] PostHog script injection start https://us-assets.i.posthog.com/static/array.js @ http://localhost:8888/wp-content/plugins/beepbeep-ai-alt-text-generator/assets/js/bbai-posthog.js?ver=1776627859:156
[   86207ms] [LOG] [BBAI] PostHog script onload https://us-assets.i.posthog.com/static/array.js {libraryApiReady: true} @ http://localhost:8888/wp-content/plugins/beepbeep-ai-alt-text-generator/assets/js/bbai-posthog.js?ver=1776627859:156
[   86207ms] [LOG] [BBAI] PostHog init run {instance: posthog, apiHost: https://us.i.posthog.com} @ http://localhost:8888/wp-content/plugins/beepbeep-ai-alt-text-generator/assets/js/bbai-posthog.js?ver=1776627859:156
[   86209ms] [LOG] [BBAI] PostHog ready {instance: bbaiPosthog, loaded: true, hasConfig: true} @ http://localhost:8888/wp-content/plugins/beepbeep-ai-alt-text-generator/assets/js/bbai-posthog.js?ver=1776627859:156
[   86209ms] [LOG] [BBAI] bbaiTrack send plugin_opened {page: dashboard, site_hash: 02c0ab52e1ef4d6f618e4ac907c2383cafd7d36bf2408bfa12f3695f0f44ba98, site_url: http://localhost:8888/, is_logged_in: true, plan_type: free} @ http://localhost:8888/wp-content/plugins/beepbeep-ai-alt-text-generator/assets/js/bbai-posthog.js?ver=1776627859:156
[   86209ms] [LOG] [BBAI] bbaiTrack send dashboard_viewed {page: dashboard, site_hash: 02c0ab52e1ef4d6f618e4ac907c2383cafd7d36bf2408bfa12f3695f0f44ba98, site_url: http://localhost:8888/, is_logged_in: true, plan_type: free} @ http://localhost:8888/wp-content/plugins/beepbeep-ai-alt-text-generator/assets/js/bbai-posthog.js?ver=1776627859:156
[   86210ms] [LOG] [BBAI] bbaiTrack send needs_attention_banner_shown {page: dashboard, site_hash: 02c0ab52e1ef4d6f618e4ac907c2383cafd7d36bf2408bfa12f3695f0f44ba98, site_url: http://localhost:8888/, is_logged_in: true, plan_type: free} @ http://localhost:8888/wp-content/plugins/beepbeep-ai-alt-text-generator/assets/js/bbai-posthog.js?ver=1776627859:156
