[   14473ms] [LOG] JQMIGRATE: Migrate is installed, version 3.4.1 @ http://localhost:8888/wp-admin/load-scripts.php?c=0&load%5Bchunk_0%5D=jquery-core,jquery-migrate,utils&ver=6.9.4:4
[   14535ms] [LOG] [BBAI] PostHog script injection start https://us-assets.i.posthog.com/static/array.js @ http://localhost:8888/wp-content/plugins/beepbeep-ai-alt-text-generator/assets/js/bbai-posthog.js?ver=1776627859:156
[   14611ms] [LOG] [BBAI] PostHog script onload https://us-assets.i.posthog.com/static/array.js {libraryApiReady: true} @ http://localhost:8888/wp-content/plugins/beepbeep-ai-alt-text-generator/assets/js/bbai-posthog.js?ver=1776627859:156
[   14611ms] [LOG] [BBAI] PostHog init run {instance: posthog, apiHost: https://us.i.posthog.com} @ http://localhost:8888/wp-content/plugins/beepbeep-ai-alt-text-generator/assets/js/bbai-posthog.js?ver=1776627859:156
[   14616ms] [LOG] [BBAI] PostHog ready {instance: bbaiPosthog, loaded: true, hasConfig: true} @ http://localhost:8888/wp-content/plugins/beepbeep-ai-alt-text-generator/assets/js/bbai-posthog.js?ver=1776627859:156
[   14616ms] [LOG] [BBAI] bbaiTrack send plugin_opened {page: dashboard, site_hash: 02c0ab52e1ef4d6f618e4ac907c2383cafd7d36bf2408bfa12f3695f0f44ba98, site_url: http://localhost:8888/, is_logged_in: true, plan_type: free} @ http://localhost:8888/wp-content/plugins/beepbeep-ai-alt-text-generator/assets/js/bbai-posthog.js?ver=1776627859:156
[   14616ms] [LOG] [BBAI] bbaiTrack send dashboard_viewed {page: dashboard, site_hash: 02c0ab52e1ef4d6f618e4ac907c2383cafd7d36bf2408bfa12f3695f0f44ba98, site_url: http://localhost:8888/, is_logged_in: true, plan_type: free} @ http://localhost:8888/wp-content/plugins/beepbeep-ai-alt-text-generator/assets/js/bbai-posthog.js?ver=1776627859:156
[   15116ms] [LOG] [BBAI] bbaiTrack send needs_attention_banner_shown {page: dashboard, site_hash: 02c0ab52e1ef4d6f618e4ac907c2383cafd7d36bf2408bfa12f3695f0f44ba98, site_url: http://localhost:8888/, is_logged_in: true, plan_type: free} @ http://localhost:8888/wp-content/plugins/beepbeep-ai-alt-text-generator/assets/js/bbai-posthog.js?ver=1776627859:156
[   68154ms] [LOG] JQMIGRATE: Migrate is installed, version 3.4.1 @ http://localhost:8888/wp-admin/load-scripts.php?c=0&load%5Bchunk_0%5D=jquery-core,jquery-migrate,utils&ver=6.9.4:4
[   68192ms] [LOG] [BBAI] PostHog script injection start https://us-assets.i.posthog.com/static/array.js @ http://localhost:8888/wp-content/plugins/beepbeep-ai-alt-text-generator/assets/js/bbai-posthog.js?ver=1776627859:156
[   68198ms] [LOG] [BBAI] PostHog script onload https://us-assets.i.posthog.com/static/array.js {libraryApiReady: true} @ http://localhost:8888/wp-content/plugins/beepbeep-ai-alt-text-generator/assets/js/bbai-posthog.js?ver=1776627859:156
[   68198ms] [LOG] [BBAI] PostHog init run {instance: posthog, apiHost: https://us.i.posthog.com} @ http://localhost:8888/wp-content/plugins/beepbeep-ai-alt-text-generator/assets/js/bbai-posthog.js?ver=1776627859:156
[   68201ms] [LOG] [BBAI] PostHog ready {instance: bbaiPosthog, loaded: true, hasConfig: true} @ http://localhost:8888/wp-content/plugins/beepbeep-ai-alt-text-generator/assets/js/bbai-posthog.js?ver=1776627859:156
[   68212ms] [LOG] [BBAI] bbaiTrack send plugin_opened {page: dashboard, site_hash: 02c0ab52e1ef4d6f618e4ac907c2383cafd7d36bf2408bfa12f3695f0f44ba98, site_url: http://localhost:8888/, is_logged_in: true, plan_type: free} @ http://localhost:8888/wp-content/plugins/beepbeep-ai-alt-text-generator/assets/js/bbai-posthog.js?ver=1776627859:156
[   68212ms] [LOG] [BBAI] bbaiTrack send dashboard_viewed {page: dashboard, site_hash: 02c0ab52e1ef4d6f618e4ac907c2383cafd7d36bf2408bfa12f3695f0f44ba98, site_url: http://localhost:8888/, is_logged_in: true, plan_type: free} @ http://localhost:8888/wp-content/plugins/beepbeep-ai-alt-text-generator/assets/js/bbai-posthog.js?ver=1776627859:156
[   68236ms] [LOG] [BBAI] bbaiTrack send needs_attention_banner_shown {page: dashboard, site_hash: 02c0ab52e1ef4d6f618e4ac907c2383cafd7d36bf2408bfa12f3695f0f44ba98, site_url: http://localhost:8888/, is_logged_in: true, plan_type: free} @ http://localhost:8888/wp-content/plugins/beepbeep-ai-alt-text-generator/assets/js/bbai-posthog.js?ver=1776627859:156
[  115489ms] [LOG] JQMIGRATE: Migrate is installed, version 3.4.1 @ http://localhost:8888/wp-admin/load-scripts.php?c=0&load%5Bchunk_0%5D=jquery-core,jquery-migrate,utils&ver=6.9.4:4
[  115522ms] [LOG] [BBAI] PostHog script injection start https://us-assets.i.posthog.com/static/array.js @ http://localhost:8888/wp-content/plugins/beepbeep-ai-alt-text-generator/assets/js/bbai-posthog.js?ver=1776627859:156
[  115581ms] [LOG] [BBAI] PostHog script onload https://us-assets.i.posthog.com/static/array.js {libraryApiReady: true} @ http://localhost:8888/wp-content/plugins/beepbeep-ai-alt-text-generator/assets/js/bbai-posthog.js?ver=1776627859:156
[  115582ms] [LOG] [BBAI] PostHog init run {instance: posthog, apiHost: https://us.i.posthog.com} @ http://localhost:8888/wp-content/plugins/beepbeep-ai-alt-text-generator/assets/js/bbai-posthog.js?ver=1776627859:156
[  115583ms] [LOG] [BBAI] PostHog ready {instance: bbaiPosthog, loaded: true, hasConfig: true} @ http://localhost:8888/wp-content/plugins/beepbeep-ai-alt-text-generator/assets/js/bbai-posthog.js?ver=1776627859:156
[  115584ms] [LOG] [BBAI] bbaiTrack send plugin_opened {page: dashboard, site_hash: 02c0ab52e1ef4d6f618e4ac907c2383cafd7d36bf2408bfa12f3695f0f44ba98, site_url: http://localhost:8888/, is_logged_in: true, plan_type: free} @ http://localhost:8888/wp-content/plugins/beepbeep-ai-alt-text-generator/assets/js/bbai-posthog.js?ver=1776627859:156
[  115584ms] [LOG] [BBAI] bbaiTrack send dashboard_viewed {page: dashboard, site_hash: 02c0ab52e1ef4d6f618e4ac907c2383cafd7d36bf2408bfa12f3695f0f44ba98, site_url: http://localhost:8888/, is_logged_in: true, plan_type: free} @ http://localhost:8888/wp-content/plugins/beepbeep-ai-alt-text-generator/assets/js/bbai-posthog.js?ver=1776627859:156
[  115584ms] [LOG] [BBAI] bbaiTrack send needs_attention_banner_shown {page: dashboard, site_hash: 02c0ab52e1ef4d6f618e4ac907c2383cafd7d36bf2408bfa12f3695f0f44ba98, site_url: http://localhost:8888/, is_logged_in: true, plan_type: free} @ http://localhost:8888/wp-content/plugins/beepbeep-ai-alt-text-generator/assets/js/bbai-posthog.js?ver=1776627859:156
[  167723ms] [LOG] JQMIGRATE: Migrate is installed, version 3.4.1 @ http://localhost:8888/wp-admin/load-scripts.php?c=0&load%5Bchunk_0%5D=jquery-core,jquery-migrate,utils&ver=6.9.4:4
[  167772ms] [LOG] [BBAI] PostHog script injection start https://us-assets.i.posthog.com/static/array.js @ http://localhost:8888/wp-content/plugins/beepbeep-ai-alt-text-generator/assets/js/bbai-posthog.js?ver=1776627859:156
[  167822ms] [LOG] [BBAI] PostHog script onload https://us-assets.i.posthog.com/static/array.js {libraryApiReady: true} @ http://localhost:8888/wp-content/plugins/beepbeep-ai-alt-text-generator/assets/js/bbai-posthog.js?ver=1776627859:156
[  167822ms] [LOG] [BBAI] PostHog init run {instance: posthog, apiHost: https://us.i.posthog.com} @ http://localhost:8888/wp-content/plugins/beepbeep-ai-alt-text-generator/assets/js/bbai-posthog.js?ver=1776627859:156
[  167824ms] [LOG] [BBAI] PostHog ready {instance: bbaiPosthog, loaded: true, hasConfig: true} @ http://localhost:8888/wp-content/plugins/beepbeep-ai-alt-text-generator/assets/js/bbai-posthog.js?ver=1776627859:156
[  167825ms] [LOG] [BBAI] bbaiTrack send plugin_opened {page: dashboard, site_hash: 02c0ab52e1ef4d6f618e4ac907c2383cafd7d36bf2408bfa12f3695f0f44ba98, site_url: http://localhost:8888/, is_logged_in: true, plan_type: free} @ http://localhost:8888/wp-content/plugins/beepbeep-ai-alt-text-generator/assets/js/bbai-posthog.js?ver=1776627859:156
[  167825ms] [LOG] [BBAI] bbaiTrack send dashboard_viewed {page: dashboard, site_hash: 02c0ab52e1ef4d6f618e4ac907c2383cafd7d36bf2408bfa12f3695f0f44ba98, site_url: http://localhost:8888/, is_logged_in: true, plan_type: free} @ http://localhost:8888/wp-content/plugins/beepbeep-ai-alt-text-generator/assets/js/bbai-posthog.js?ver=1776627859:156
[  167825ms] [LOG] [BBAI] bbaiTrack send needs_attention_banner_shown {page: dashboard, site_hash: 02c0ab52e1ef4d6f618e4ac907c2383cafd7d36bf2408bfa12f3695f0f44ba98, site_url: http://localhost:8888/, is_logged_in: true, plan_type: free} @ http://localhost:8888/wp-content/plugins/beepbeep-ai-alt-text-generator/assets/js/bbai-posthog.js?ver=1776627859:156
