[     734ms] [LOG] JQMIGRATE: Migrate is installed with logging active, version 3.4.1 @ http://localhost:8888/wp-includes/js/jquery/jquery-migrate.js?ver=3.4.1:103
[     741ms] [INFO] %cDownload the React DevTools for a better development experience: https://reactjs.org/link/react-devtools font-weight:bold @ http://localhost:8888/wp-includes/js/dist/vendor/react-dom.js?ver=18.3.1.1:29904
[     795ms] [LOG] [BBAI] PostHog script injection start https://us-assets.i.posthog.com/static/array.js @ http://localhost:8888/wp-content/plugins/WP-Alt-text-plugin/assets/js/bbai-posthog.js?ver=1774779902:156
[     814ms] [LOG] Dashboard state: SCANNING @ http://localhost:8888/wp-content/plugins/WP-Alt-text-plugin/assets/js/bbai-dashboard.js?ver=1775821015:7169
[     818ms] [LOG] Dashboard state: SCANNING @ http://localhost:8888/wp-content/plugins/WP-Alt-text-plugin/assets/js/bbai-dashboard.js?ver=1775821015:7169
[     854ms] [LOG] Dashboard state: SCANNING @ http://localhost:8888/wp-content/plugins/WP-Alt-text-plugin/assets/js/bbai-dashboard.js?ver=1775821015:7169
[     865ms] [LOG] [BBAI] PostHog script onload https://us-assets.i.posthog.com/static/array.js {libraryApiReady: true} @ http://localhost:8888/wp-content/plugins/WP-Alt-text-plugin/assets/js/bbai-posthog.js?ver=1774779902:156
[     865ms] [LOG] [BBAI] PostHog init run {instance: posthog, apiHost: https://us.i.posthog.com} @ http://localhost:8888/wp-content/plugins/WP-Alt-text-plugin/assets/js/bbai-posthog.js?ver=1774779902:156
[     869ms] [LOG] [BBAI] PostHog ready {instance: bbaiPosthog, loaded: true, hasConfig: true} @ http://localhost:8888/wp-content/plugins/WP-Alt-text-plugin/assets/js/bbai-posthog.js?ver=1774779902:156
[     869ms] [LOG] [BBAI] bbaiTrack send plugin_opened {page: guest_dashboard, site_hash: 1ca2a5df5bcda58da920df778cde32c5b74db3facbd5d73b305704c9904d7a1c, site_url: http://localhost:8888/, is_logged_in: false, plan_type: free} @ http://localhost:8888/wp-content/plugins/WP-Alt-text-plugin/assets/js/bbai-posthog.js?ver=1774779902:156
[     869ms] [LOG] [BBAI] bbaiTrack send guest_dashboard_viewed {page: guest_dashboard, site_hash: 1ca2a5df5bcda58da920df778cde32c5b74db3facbd5d73b305704c9904d7a1c, site_url: http://localhost:8888/, is_logged_in: false, plan_type: free} @ http://localhost:8888/wp-content/plugins/WP-Alt-text-plugin/assets/js/bbai-posthog.js?ver=1774779902:156
[    1221ms] [LOG] Dashboard state: SCANNING @ http://localhost:8888/wp-content/plugins/WP-Alt-text-plugin/assets/js/bbai-dashboard.js?ver=1775821015:7169
[    1756ms] [LOG] [BBAI] bbaiTrack send out_of_credits_banner_shown {page: guest_dashboard, site_hash: 1ca2a5df5bcda58da920df778cde32c5b74db3facbd5d73b305704c9904d7a1c, site_url: http://localhost:8888/, is_logged_in: false, plan_type: free} @ http://localhost:8888/wp-content/plugins/WP-Alt-text-plugin/assets/js/bbai-posthog.js?ver=1774779902:156
[  214330ms] [LOG] JQMIGRATE: Migrate is installed with logging active, version 3.4.1 @ http://localhost:8888/wp-includes/js/jquery/jquery-migrate.js?ver=3.4.1:103
[  214340ms] [INFO] %cDownload the React DevTools for a better development experience: https://reactjs.org/link/react-devtools font-weight:bold @ http://localhost:8888/wp-includes/js/dist/vendor/react-dom.js?ver=18.3.1.1:29904
[  214388ms] [LOG] [BBAI] PostHog script injection start https://us-assets.i.posthog.com/static/array.js @ http://localhost:8888/wp-content/plugins/WP-Alt-text-plugin/assets/js/bbai-posthog.js?ver=1774779902:156
[  214403ms] [LOG] [BBAI] PostHog script onload https://us-assets.i.posthog.com/static/array.js {libraryApiReady: true} @ http://localhost:8888/wp-content/plugins/WP-Alt-text-plugin/assets/js/bbai-posthog.js?ver=1774779902:156
[  214403ms] [LOG] [BBAI] PostHog init run {instance: posthog, apiHost: https://us.i.posthog.com} @ http://localhost:8888/wp-content/plugins/WP-Alt-text-plugin/assets/js/bbai-posthog.js?ver=1774779902:156
[  214405ms] [LOG] [BBAI] PostHog ready {instance: bbaiPosthog, loaded: true, hasConfig: true} @ http://localhost:8888/wp-content/plugins/WP-Alt-text-plugin/assets/js/bbai-posthog.js?ver=1774779902:156
[  214421ms] [LOG] [BBAI] bbaiTrack send plugin_opened {page: guest_dashboard, site_hash: 1ca2a5df5bcda58da920df778cde32c5b74db3facbd5d73b305704c9904d7a1c, site_url: http://localhost:8888/, is_logged_in: false, plan_type: free} @ http://localhost:8888/wp-content/plugins/WP-Alt-text-plugin/assets/js/bbai-posthog.js?ver=1774779902:156
[  214421ms] [LOG] [BBAI] bbaiTrack send guest_dashboard_viewed {page: guest_dashboard, site_hash: 1ca2a5df5bcda58da920df778cde32c5b74db3facbd5d73b305704c9904d7a1c, site_url: http://localhost:8888/, is_logged_in: false, plan_type: free} @ http://localhost:8888/wp-content/plugins/WP-Alt-text-plugin/assets/js/bbai-posthog.js?ver=1774779902:156
[  214423ms] [LOG] Dashboard state: SCANNING @ http://localhost:8888/wp-content/plugins/WP-Alt-text-plugin/assets/js/bbai-dashboard.js?ver=1775821015:7169
[  214425ms] [LOG] Dashboard state: SCANNING @ http://localhost:8888/wp-content/plugins/WP-Alt-text-plugin/assets/js/bbai-dashboard.js?ver=1775821015:7169
[  214434ms] [LOG] [BBAI] bbaiTrack send out_of_credits_banner_shown {page: guest_dashboard, site_hash: 1ca2a5df5bcda58da920df778cde32c5b74db3facbd5d73b305704c9904d7a1c, site_url: http://localhost:8888/, is_logged_in: false, plan_type: free} @ http://localhost:8888/wp-content/plugins/WP-Alt-text-plugin/assets/js/bbai-posthog.js?ver=1774779902:156
[  214478ms] [LOG] Dashboard state: SCANNING @ http://localhost:8888/wp-content/plugins/WP-Alt-text-plugin/assets/js/bbai-dashboard.js?ver=1775821015:7169
[  214827ms] [LOG] Dashboard state: SCANNING @ http://localhost:8888/wp-content/plugins/WP-Alt-text-plugin/assets/js/bbai-dashboard.js?ver=1775821015:7169
