[     133ms] [LOG] JQMIGRATE: Migrate is installed, version 3.4.1 @ http://localhost:8888/wp-admin/load-scripts.php?c=0&load%5Bchunk_0%5D=clipboard,jquery-core,jquery-migrate,zxcvbn-async,wp-hooks&ver=6.9.4:6
[   59917ms] [LOG] JQMIGRATE: Migrate is installed, version 3.4.1 @ http://localhost:8888/wp-admin/load-scripts.php?c=0&load%5Bchunk_0%5D=jquery-core,jquery-migrate,utils&ver=6.9.4:4
[   60039ms] [LOG] [BBAI] PostHog script injection start https://us-assets.i.posthog.com/static/array.js @ http://localhost:8888/wp-content/plugins/beepbeep-ai-alt-text-generator/assets/js/bbai-posthog.js?ver=1776627859:156
[   60108ms] [LOG] [BBAI] PostHog script onload https://us-assets.i.posthog.com/static/array.js {libraryApiReady: true} @ http://localhost:8888/wp-content/plugins/beepbeep-ai-alt-text-generator/assets/js/bbai-posthog.js?ver=1776627859:156
[   60108ms] [LOG] [BBAI] PostHog init run {instance: posthog, apiHost: https://us.i.posthog.com} @ http://localhost:8888/wp-content/plugins/beepbeep-ai-alt-text-generator/assets/js/bbai-posthog.js?ver=1776627859:156
[   60112ms] [LOG] [BBAI] PostHog ready {instance: bbaiPosthog, loaded: true, hasConfig: true} @ http://localhost:8888/wp-content/plugins/beepbeep-ai-alt-text-generator/assets/js/bbai-posthog.js?ver=1776627859:156
[   60112ms] [LOG] [BBAI] bbaiTrack send plugin_opened {page: dashboard, site_hash: 02c0ab52e1ef4d6f618e4ac907c2383cafd7d36bf2408bfa12f3695f0f44ba98, site_url: http://localhost:8888/, is_logged_in: true, plan_type: free} @ http://localhost:8888/wp-content/plugins/beepbeep-ai-alt-text-generator/assets/js/bbai-posthog.js?ver=1776627859:156
[   60112ms] [LOG] [BBAI] bbaiTrack send dashboard_viewed {page: dashboard, site_hash: 02c0ab52e1ef4d6f618e4ac907c2383cafd7d36bf2408bfa12f3695f0f44ba98, site_url: http://localhost:8888/, is_logged_in: true, plan_type: free} @ http://localhost:8888/wp-content/plugins/beepbeep-ai-alt-text-generator/assets/js/bbai-posthog.js?ver=1776627859:156
[   60112ms] [LOG] [BBAI] bbaiTrack send needs_attention_banner_shown {page: dashboard, site_hash: 02c0ab52e1ef4d6f618e4ac907c2383cafd7d36bf2408bfa12f3695f0f44ba98, site_url: http://localhost:8888/, is_logged_in: true, plan_type: free} @ http://localhost:8888/wp-content/plugins/beepbeep-ai-alt-text-generator/assets/js/bbai-posthog.js?ver=1776627859:156
[   71978ms] [LOG] JQMIGRATE: Migrate is installed, version 3.4.1 @ http://localhost:8888/wp-admin/load-scripts.php?c=0&load%5Bchunk_0%5D=jquery-core,jquery-migrate,utils&ver=6.9.4:4
[   72028ms] [LOG] [BBAI] PostHog script injection start https://us-assets.i.posthog.com/static/array.js @ http://localhost:8888/wp-content/plugins/beepbeep-ai-alt-text-generator/assets/js/bbai-posthog.js?ver=1776627859:156
[   72050ms] [LOG] [BBAI] PostHog script onload https://us-assets.i.posthog.com/static/array.js {libraryApiReady: true} @ http://localhost:8888/wp-content/plugins/beepbeep-ai-alt-text-generator/assets/js/bbai-posthog.js?ver=1776627859:156
[   72050ms] [LOG] [BBAI] PostHog init run {instance: posthog, apiHost: https://us.i.posthog.com} @ http://localhost:8888/wp-content/plugins/beepbeep-ai-alt-text-generator/assets/js/bbai-posthog.js?ver=1776627859:156
[   72053ms] [LOG] [BBAI] PostHog ready {instance: bbaiPosthog, loaded: true, hasConfig: true} @ http://localhost:8888/wp-content/plugins/beepbeep-ai-alt-text-generator/assets/js/bbai-posthog.js?ver=1776627859:156
[   72053ms] [LOG] [BBAI] bbaiTrack send plugin_opened {page: dashboard, site_hash: 02c0ab52e1ef4d6f618e4ac907c2383cafd7d36bf2408bfa12f3695f0f44ba98, site_url: http://localhost:8888/, is_logged_in: true, plan_type: free} @ http://localhost:8888/wp-content/plugins/beepbeep-ai-alt-text-generator/assets/js/bbai-posthog.js?ver=1776627859:156
[   72053ms] [LOG] [BBAI] bbaiTrack send dashboard_viewed {page: dashboard, site_hash: 02c0ab52e1ef4d6f618e4ac907c2383cafd7d36bf2408bfa12f3695f0f44ba98, site_url: http://localhost:8888/, is_logged_in: true, plan_type: free} @ http://localhost:8888/wp-content/plugins/beepbeep-ai-alt-text-generator/assets/js/bbai-posthog.js?ver=1776627859:156
[   72053ms] [LOG] [BBAI] bbaiTrack send needs_attention_banner_shown {page: dashboard, site_hash: 02c0ab52e1ef4d6f618e4ac907c2383cafd7d36bf2408bfa12f3695f0f44ba98, site_url: http://localhost:8888/, is_logged_in: true, plan_type: free} @ http://localhost:8888/wp-content/plugins/beepbeep-ai-alt-text-generator/assets/js/bbai-posthog.js?ver=1776627859:156
[   75076ms] [LOG] [BBAI] bbaiTrack send generation_started {page: dashboard, site_hash: 02c0ab52e1ef4d6f618e4ac907c2383cafd7d36bf2408bfa12f3695f0f44ba98, site_url: http://localhost:8888/, is_logged_in: true, plan_type: free} @ http://localhost:8888/wp-content/plugins/beepbeep-ai-alt-text-generator/assets/js/bbai-posthog.js?ver=1776627859:156
[   75077ms] [LOG] [BBAI] bbaiTrack send feature_used {page: dashboard, site_hash: 02c0ab52e1ef4d6f618e4ac907c2383cafd7d36bf2408bfa12f3695f0f44ba98, site_url: http://localhost:8888/, is_logged_in: true, plan_type: free} @ http://localhost:8888/wp-content/plugins/beepbeep-ai-alt-text-generator/assets/js/bbai-posthog.js?ver=1776627859:156
[   77905ms] [LOG] [BBAI] Generation result {results: Array(1), requested_count: 1, processable_count: 1, processed_count: 1, failed_count: 0} @ http://localhost:8888/wp-content/plugins/beepbeep-ai-alt-text-generator/assets/js/bbai-admin.js?ver=1776675959:15608
[   81369ms] [LOG] [BBAI] Generation result {results: Array(1), requested_count: 1, processable_count: 1, processed_count: 1, failed_count: 0} @ http://localhost:8888/wp-content/plugins/beepbeep-ai-alt-text-generator/assets/js/bbai-admin.js?ver=1776675959:15608
[   84671ms] [LOG] [BBAI] Generation result {results: Array(1), requested_count: 1, processable_count: 1, processed_count: 1, failed_count: 0} @ http://localhost:8888/wp-content/plugins/beepbeep-ai-alt-text-generator/assets/js/bbai-admin.js?ver=1776675959:15608
[   87829ms] [LOG] [BBAI] Generation result {results: Array(1), requested_count: 1, processable_count: 1, processed_count: 1, failed_count: 0} @ http://localhost:8888/wp-content/plugins/beepbeep-ai-alt-text-generator/assets/js/bbai-admin.js?ver=1776675959:15608
[   90857ms] [LOG] [BBAI] Generation result {results: Array(1), requested_count: 1, processable_count: 1, processed_count: 1, failed_count: 0} @ http://localhost:8888/wp-content/plugins/beepbeep-ai-alt-text-generator/assets/js/bbai-admin.js?ver=1776675959:15608
[   94304ms] [LOG] [BBAI] Generation result {results: Array(1), requested_count: 1, processable_count: 1, processed_count: 1, failed_count: 0} @ http://localhost:8888/wp-content/plugins/beepbeep-ai-alt-text-generator/assets/js/bbai-admin.js?ver=1776675959:15608
[   97367ms] [LOG] [BBAI] Generation result {results: Array(1), requested_count: 1, processable_count: 1, processed_count: 1, failed_count: 0} @ http://localhost:8888/wp-content/plugins/beepbeep-ai-alt-text-generator/assets/js/bbai-admin.js?ver=1776675959:15608
[   97623ms] [LOG] [BBAI] bbaiTrack send batch_generation_cta_shown {page: dashboard, site_hash: 02c0ab52e1ef4d6f618e4ac907c2383cafd7d36bf2408bfa12f3695f0f44ba98, site_url: http://localhost:8888/, is_logged_in: true, plan_type: free} @ http://localhost:8888/wp-content/plugins/beepbeep-ai-alt-text-generator/assets/js/bbai-posthog.js?ver=1776627859:156
[   97632ms] [LOG] [BBAI] bbaiTrack send batch_generation_completed {page: dashboard, site_hash: 02c0ab52e1ef4d6f618e4ac907c2383cafd7d36bf2408bfa12f3695f0f44ba98, site_url: http://localhost:8888/, is_logged_in: true, plan_type: free} @ http://localhost:8888/wp-content/plugins/beepbeep-ai-alt-text-generator/assets/js/bbai-posthog.js?ver=1776627859:156
[   97632ms] [LOG] [BBAI] bbaiTrack send generation_completed {page: dashboard, site_hash: 02c0ab52e1ef4d6f618e4ac907c2383cafd7d36bf2408bfa12f3695f0f44ba98, site_url: http://localhost:8888/, is_logged_in: true, plan_type: free} @ http://localhost:8888/wp-content/plugins/beepbeep-ai-alt-text-generator/assets/js/bbai-posthog.js?ver=1776627859:156
[  110128ms] [LOG] JQMIGRATE: Migrate is installed, version 3.4.1 @ http://localhost:8888/wp-admin/load-scripts.php?c=0&load%5Bchunk_0%5D=jquery-core,jquery-migrate,utils&ver=6.9.4:4
[  110188ms] [LOG] [BBAI] PostHog script injection start https://us-assets.i.posthog.com/static/array.js @ http://localhost:8888/wp-content/plugins/beepbeep-ai-alt-text-generator/assets/js/bbai-posthog.js?ver=1776627859:156
[  110257ms] [LOG] [BBAI] PostHog script onload https://us-assets.i.posthog.com/static/array.js {libraryApiReady: true} @ http://localhost:8888/wp-content/plugins/beepbeep-ai-alt-text-generator/assets/js/bbai-posthog.js?ver=1776627859:156
[  110257ms] [LOG] [BBAI] PostHog init run {instance: posthog, apiHost: https://us.i.posthog.com} @ http://localhost:8888/wp-content/plugins/beepbeep-ai-alt-text-generator/assets/js/bbai-posthog.js?ver=1776627859:156
[  110260ms] [LOG] [BBAI] PostHog ready {instance: bbaiPosthog, loaded: true, hasConfig: true} @ http://localhost:8888/wp-content/plugins/beepbeep-ai-alt-text-generator/assets/js/bbai-posthog.js?ver=1776627859:156
[  110260ms] [LOG] [BBAI] bbaiTrack send plugin_opened {page: dashboard, site_hash: 02c0ab52e1ef4d6f618e4ac907c2383cafd7d36bf2408bfa12f3695f0f44ba98, site_url: http://localhost:8888/, is_logged_in: true, plan_type: free} @ http://localhost:8888/wp-content/plugins/beepbeep-ai-alt-text-generator/assets/js/bbai-posthog.js?ver=1776627859:156
[  110260ms] [LOG] [BBAI] bbaiTrack send dashboard_viewed {page: dashboard, site_hash: 02c0ab52e1ef4d6f618e4ac907c2383cafd7d36bf2408bfa12f3695f0f44ba98, site_url: http://localhost:8888/, is_logged_in: true, plan_type: free} @ http://localhost:8888/wp-content/plugins/beepbeep-ai-alt-text-generator/assets/js/bbai-posthog.js?ver=1776627859:156
[  110260ms] [LOG] [BBAI] bbaiTrack send needs_attention_banner_shown {page: dashboard, site_hash: 02c0ab52e1ef4d6f618e4ac907c2383cafd7d36bf2408bfa12f3695f0f44ba98, site_url: http://localhost:8888/, is_logged_in: true, plan_type: free} @ http://localhost:8888/wp-content/plugins/beepbeep-ai-alt-text-generator/assets/js/bbai-posthog.js?ver=1776627859:156
[  248191ms] [LOG] JQMIGRATE: Migrate is installed, version 3.4.1 @ http://localhost:8888/wp-admin/load-scripts.php?c=0&load%5Bchunk_0%5D=jquery-core,jquery-migrate,utils&ver=6.9.4:4
[  248322ms] [LOG] [BBAI] PostHog script injection start https://us-assets.i.posthog.com/static/array.js @ http://localhost:8888/wp-content/plugins/beepbeep-ai-alt-text-generator/assets/js/bbai-posthog.js?ver=1776627859:156
[  248357ms] [LOG] [BBAI] PostHog script onload https://us-assets.i.posthog.com/static/array.js {libraryApiReady: true} @ http://localhost:8888/wp-content/plugins/beepbeep-ai-alt-text-generator/assets/js/bbai-posthog.js?ver=1776627859:156
[  248357ms] [LOG] [BBAI] PostHog init run {instance: posthog, apiHost: https://us.i.posthog.com} @ http://localhost:8888/wp-content/plugins/beepbeep-ai-alt-text-generator/assets/js/bbai-posthog.js?ver=1776627859:156
[  248361ms] [LOG] [BBAI] PostHog ready {instance: bbaiPosthog, loaded: true, hasConfig: true} @ http://localhost:8888/wp-content/plugins/beepbeep-ai-alt-text-generator/assets/js/bbai-posthog.js?ver=1776627859:156
[  248361ms] [LOG] [BBAI] bbaiTrack send plugin_opened {page: dashboard, site_hash: 02c0ab52e1ef4d6f618e4ac907c2383cafd7d36bf2408bfa12f3695f0f44ba98, site_url: http://localhost:8888/, is_logged_in: true, plan_type: free} @ http://localhost:8888/wp-content/plugins/beepbeep-ai-alt-text-generator/assets/js/bbai-posthog.js?ver=1776627859:156
[  248361ms] [LOG] [BBAI] bbaiTrack send dashboard_viewed {page: dashboard, site_hash: 02c0ab52e1ef4d6f618e4ac907c2383cafd7d36bf2408bfa12f3695f0f44ba98, site_url: http://localhost:8888/, is_logged_in: true, plan_type: free} @ http://localhost:8888/wp-content/plugins/beepbeep-ai-alt-text-generator/assets/js/bbai-posthog.js?ver=1776627859:156
[  248361ms] [LOG] [BBAI] bbaiTrack send needs_attention_banner_shown {page: dashboard, site_hash: 02c0ab52e1ef4d6f618e4ac907c2383cafd7d36bf2408bfa12f3695f0f44ba98, site_url: http://localhost:8888/, is_logged_in: true, plan_type: free} @ http://localhost:8888/wp-content/plugins/beepbeep-ai-alt-text-generator/assets/js/bbai-posthog.js?ver=1776627859:156
[  251533ms] [LOG] [BBAI] bbaiTrack send generation_started {page: dashboard, site_hash: 02c0ab52e1ef4d6f618e4ac907c2383cafd7d36bf2408bfa12f3695f0f44ba98, site_url: http://localhost:8888/, is_logged_in: true, plan_type: free} @ http://localhost:8888/wp-content/plugins/beepbeep-ai-alt-text-generator/assets/js/bbai-posthog.js?ver=1776627859:156
[  251534ms] [LOG] [BBAI] bbaiTrack send feature_used {page: dashboard, site_hash: 02c0ab52e1ef4d6f618e4ac907c2383cafd7d36bf2408bfa12f3695f0f44ba98, site_url: http://localhost:8888/, is_logged_in: true, plan_type: free} @ http://localhost:8888/wp-content/plugins/beepbeep-ai-alt-text-generator/assets/js/bbai-posthog.js?ver=1776627859:156
[  254392ms] [LOG] [BBAI] Generation result {results: Array(1), requested_count: 1, processable_count: 1, processed_count: 1, failed_count: 0} @ http://localhost:8888/wp-content/plugins/beepbeep-ai-alt-text-generator/assets/js/bbai-admin.js?ver=1776675959:15608
[  257799ms] [LOG] [BBAI] Generation result {results: Array(1), requested_count: 1, processable_count: 1, processed_count: 1, failed_count: 0} @ http://localhost:8888/wp-content/plugins/beepbeep-ai-alt-text-generator/assets/js/bbai-admin.js?ver=1776675959:15608
[  260875ms] [LOG] [BBAI] Generation result {results: Array(1), requested_count: 1, processable_count: 1, processed_count: 1, failed_count: 0} @ http://localhost:8888/wp-content/plugins/beepbeep-ai-alt-text-generator/assets/js/bbai-admin.js?ver=1776675959:15608
[  263958ms] [LOG] [BBAI] Generation result {results: Array(1), requested_count: 1, processable_count: 1, processed_count: 1, failed_count: 0} @ http://localhost:8888/wp-content/plugins/beepbeep-ai-alt-text-generator/assets/js/bbai-admin.js?ver=1776675959:15608
[  266948ms] [LOG] [BBAI] Generation result {results: Array(1), requested_count: 1, processable_count: 1, processed_count: 1, failed_count: 0} @ http://localhost:8888/wp-content/plugins/beepbeep-ai-alt-text-generator/assets/js/bbai-admin.js?ver=1776675959:15608
[  269957ms] [LOG] [BBAI] Generation result {results: Array(1), requested_count: 1, processable_count: 1, processed_count: 1, failed_count: 0} @ http://localhost:8888/wp-content/plugins/beepbeep-ai-alt-text-generator/assets/js/bbai-admin.js?ver=1776675959:15608
[  272968ms] [LOG] [BBAI] Generation result {results: Array(1), requested_count: 1, processable_count: 1, processed_count: 1, failed_count: 0} @ http://localhost:8888/wp-content/plugins/beepbeep-ai-alt-text-generator/assets/js/bbai-admin.js?ver=1776675959:15608
[  273223ms] [LOG] [BBAI] bbaiTrack send batch_generation_cta_shown {page: dashboard, site_hash: 02c0ab52e1ef4d6f618e4ac907c2383cafd7d36bf2408bfa12f3695f0f44ba98, site_url: http://localhost:8888/, is_logged_in: true, plan_type: free} @ http://localhost:8888/wp-content/plugins/beepbeep-ai-alt-text-generator/assets/js/bbai-posthog.js?ver=1776627859:156
[  273225ms] [LOG] [BBAI] bbaiTrack send batch_generation_completed {page: dashboard, site_hash: 02c0ab52e1ef4d6f618e4ac907c2383cafd7d36bf2408bfa12f3695f0f44ba98, site_url: http://localhost:8888/, is_logged_in: true, plan_type: free} @ http://localhost:8888/wp-content/plugins/beepbeep-ai-alt-text-generator/assets/js/bbai-posthog.js?ver=1776627859:156
[  273225ms] [LOG] [BBAI] bbaiTrack send generation_completed {page: dashboard, site_hash: 02c0ab52e1ef4d6f618e4ac907c2383cafd7d36bf2408bfa12f3695f0f44ba98, site_url: http://localhost:8888/, is_logged_in: true, plan_type: free} @ http://localhost:8888/wp-content/plugins/beepbeep-ai-alt-text-generator/assets/js/bbai-posthog.js?ver=1776627859:156
[  285485ms] [LOG] JQMIGRATE: Migrate is installed, version 3.4.1 @ http://localhost:8888/wp-admin/load-scripts.php?c=0&load%5Bchunk_0%5D=jquery-core,jquery-migrate,utils&ver=6.9.4:4
[  285545ms] [LOG] [BBAI] PostHog script injection start https://us-assets.i.posthog.com/static/array.js @ http://localhost:8888/wp-content/plugins/beepbeep-ai-alt-text-generator/assets/js/bbai-posthog.js?ver=1776627859:156
[  285603ms] [LOG] [BBAI] PostHog script onload https://us-assets.i.posthog.com/static/array.js {libraryApiReady: true} @ http://localhost:8888/wp-content/plugins/beepbeep-ai-alt-text-generator/assets/js/bbai-posthog.js?ver=1776627859:156
[  285603ms] [LOG] [BBAI] PostHog init run {instance: posthog, apiHost: https://us.i.posthog.com} @ http://localhost:8888/wp-content/plugins/beepbeep-ai-alt-text-generator/assets/js/bbai-posthog.js?ver=1776627859:156
[  285605ms] [LOG] [BBAI] PostHog ready {instance: bbaiPosthog, loaded: true, hasConfig: true} @ http://localhost:8888/wp-content/plugins/beepbeep-ai-alt-text-generator/assets/js/bbai-posthog.js?ver=1776627859:156
[  285606ms] [LOG] [BBAI] bbaiTrack send plugin_opened {page: dashboard, site_hash: 02c0ab52e1ef4d6f618e4ac907c2383cafd7d36bf2408bfa12f3695f0f44ba98, site_url: http://localhost:8888/, is_logged_in: true, plan_type: free} @ http://localhost:8888/wp-content/plugins/beepbeep-ai-alt-text-generator/assets/js/bbai-posthog.js?ver=1776627859:156
[  285606ms] [LOG] [BBAI] bbaiTrack send dashboard_viewed {page: dashboard, site_hash: 02c0ab52e1ef4d6f618e4ac907c2383cafd7d36bf2408bfa12f3695f0f44ba98, site_url: http://localhost:8888/, is_logged_in: true, plan_type: free} @ http://localhost:8888/wp-content/plugins/beepbeep-ai-alt-text-generator/assets/js/bbai-posthog.js?ver=1776627859:156
[  285606ms] [LOG] [BBAI] bbaiTrack send needs_attention_banner_shown {page: dashboard, site_hash: 02c0ab52e1ef4d6f618e4ac907c2383cafd7d36bf2408bfa12f3695f0f44ba98, site_url: http://localhost:8888/, is_logged_in: true, plan_type: free} @ http://localhost:8888/wp-content/plugins/beepbeep-ai-alt-text-generator/assets/js/bbai-posthog.js?ver=1776627859:156
[  361720ms] [LOG] JQMIGRATE: Migrate is installed, version 3.4.1 @ http://localhost:8888/wp-admin/load-scripts.php?c=0&load%5Bchunk_0%5D=jquery-core,jquery-migrate,utils&ver=6.9.4:4
[  361778ms] [LOG] [BBAI] PostHog script injection start https://us-assets.i.posthog.com/static/array.js @ http://localhost:8888/wp-content/plugins/beepbeep-ai-alt-text-generator/assets/js/bbai-posthog.js?ver=1776627859:156
[  361802ms] [LOG] [BBAI] PostHog script onload https://us-assets.i.posthog.com/static/array.js {libraryApiReady: true} @ http://localhost:8888/wp-content/plugins/beepbeep-ai-alt-text-generator/assets/js/bbai-posthog.js?ver=1776627859:156
[  361802ms] [LOG] [BBAI] PostHog init run {instance: posthog, apiHost: https://us.i.posthog.com} @ http://localhost:8888/wp-content/plugins/beepbeep-ai-alt-text-generator/assets/js/bbai-posthog.js?ver=1776627859:156
[  361804ms] [LOG] [BBAI] PostHog ready {instance: bbaiPosthog, loaded: true, hasConfig: true} @ http://localhost:8888/wp-content/plugins/beepbeep-ai-alt-text-generator/assets/js/bbai-posthog.js?ver=1776627859:156
[  361805ms] [LOG] [BBAI] bbaiTrack send plugin_opened {page: dashboard, site_hash: 02c0ab52e1ef4d6f618e4ac907c2383cafd7d36bf2408bfa12f3695f0f44ba98, site_url: http://localhost:8888/, is_logged_in: true, plan_type: free} @ http://localhost:8888/wp-content/plugins/beepbeep-ai-alt-text-generator/assets/js/bbai-posthog.js?ver=1776627859:156
[  361805ms] [LOG] [BBAI] bbaiTrack send dashboard_viewed {page: dashboard, site_hash: 02c0ab52e1ef4d6f618e4ac907c2383cafd7d36bf2408bfa12f3695f0f44ba98, site_url: http://localhost:8888/, is_logged_in: true, plan_type: free} @ http://localhost:8888/wp-content/plugins/beepbeep-ai-alt-text-generator/assets/js/bbai-posthog.js?ver=1776627859:156
[  361805ms] [LOG] [BBAI] bbaiTrack send needs_attention_banner_shown {page: dashboard, site_hash: 02c0ab52e1ef4d6f618e4ac907c2383cafd7d36bf2408bfa12f3695f0f44ba98, site_url: http://localhost:8888/, is_logged_in: true, plan_type: free} @ http://localhost:8888/wp-content/plugins/beepbeep-ai-alt-text-generator/assets/js/bbai-posthog.js?ver=1776627859:156
[  364848ms] [LOG] [BBAI] bbaiTrack send generation_started {page: dashboard, site_hash: 02c0ab52e1ef4d6f618e4ac907c2383cafd7d36bf2408bfa12f3695f0f44ba98, site_url: http://localhost:8888/, is_logged_in: true, plan_type: free} @ http://localhost:8888/wp-content/plugins/beepbeep-ai-alt-text-generator/assets/js/bbai-posthog.js?ver=1776627859:156
[  364849ms] [LOG] [BBAI] bbaiTrack send feature_used {page: dashboard, site_hash: 02c0ab52e1ef4d6f618e4ac907c2383cafd7d36bf2408bfa12f3695f0f44ba98, site_url: http://localhost:8888/, is_logged_in: true, plan_type: free} @ http://localhost:8888/wp-content/plugins/beepbeep-ai-alt-text-generator/assets/js/bbai-posthog.js?ver=1776627859:156
[  367701ms] [LOG] [BBAI] Generation result {results: Array(1), requested_count: 1, processable_count: 1, processed_count: 1, failed_count: 0} @ http://localhost:8888/wp-content/plugins/beepbeep-ai-alt-text-generator/assets/js/bbai-admin.js?ver=1776675959:15608
[  371069ms] [LOG] [BBAI] Generation result {results: Array(1), requested_count: 1, processable_count: 1, processed_count: 1, failed_count: 0} @ http://localhost:8888/wp-content/plugins/beepbeep-ai-alt-text-generator/assets/js/bbai-admin.js?ver=1776675959:15608
[  374431ms] [LOG] [BBAI] Generation result {results: Array(1), requested_count: 1, processable_count: 1, processed_count: 1, failed_count: 0} @ http://localhost:8888/wp-content/plugins/beepbeep-ai-alt-text-generator/assets/js/bbai-admin.js?ver=1776675959:15608
[  377435ms] [LOG] [BBAI] Generation result {results: Array(1), requested_count: 1, processable_count: 1, processed_count: 1, failed_count: 0} @ http://localhost:8888/wp-content/plugins/beepbeep-ai-alt-text-generator/assets/js/bbai-admin.js?ver=1776675959:15608
[  380475ms] [LOG] [BBAI] Generation result {results: Array(1), requested_count: 1, processable_count: 1, processed_count: 1, failed_count: 0} @ http://localhost:8888/wp-content/plugins/beepbeep-ai-alt-text-generator/assets/js/bbai-admin.js?ver=1776675959:15608
[  383861ms] [LOG] [BBAI] Generation result {results: Array(1), requested_count: 1, processable_count: 1, processed_count: 1, failed_count: 0} @ http://localhost:8888/wp-content/plugins/beepbeep-ai-alt-text-generator/assets/js/bbai-admin.js?ver=1776675959:15608
[  386834ms] [LOG] [BBAI] Generation result {results: Array(1), requested_count: 1, processable_count: 1, processed_count: 1, failed_count: 0} @ http://localhost:8888/wp-content/plugins/beepbeep-ai-alt-text-generator/assets/js/bbai-admin.js?ver=1776675959:15608
[  387089ms] [LOG] [BBAI] bbaiTrack send batch_generation_cta_shown {page: dashboard, site_hash: 02c0ab52e1ef4d6f618e4ac907c2383cafd7d36bf2408bfa12f3695f0f44ba98, site_url: http://localhost:8888/, is_logged_in: true, plan_type: free} @ http://localhost:8888/wp-content/plugins/beepbeep-ai-alt-text-generator/assets/js/bbai-posthog.js?ver=1776627859:156
[  387091ms] [LOG] [BBAI] bbaiTrack send batch_generation_completed {page: dashboard, site_hash: 02c0ab52e1ef4d6f618e4ac907c2383cafd7d36bf2408bfa12f3695f0f44ba98, site_url: http://localhost:8888/, is_logged_in: true, plan_type: free} @ http://localhost:8888/wp-content/plugins/beepbeep-ai-alt-text-generator/assets/js/bbai-posthog.js?ver=1776627859:156
[  387091ms] [LOG] [BBAI] bbaiTrack send generation_completed {page: dashboard, site_hash: 02c0ab52e1ef4d6f618e4ac907c2383cafd7d36bf2408bfa12f3695f0f44ba98, site_url: http://localhost:8888/, is_logged_in: true, plan_type: free} @ http://localhost:8888/wp-content/plugins/beepbeep-ai-alt-text-generator/assets/js/bbai-posthog.js?ver=1776627859:156
[  399267ms] [LOG] JQMIGRATE: Migrate is installed, version 3.4.1 @ http://localhost:8888/wp-admin/load-scripts.php?c=0&load%5Bchunk_0%5D=jquery-core,jquery-migrate,utils&ver=6.9.4:4
[  399305ms] [LOG] [BBAI] PostHog script injection start https://us-assets.i.posthog.com/static/array.js @ http://localhost:8888/wp-content/plugins/beepbeep-ai-alt-text-generator/assets/js/bbai-posthog.js?ver=1776627859:156
[  399312ms] [LOG] [BBAI] PostHog script onload https://us-assets.i.posthog.com/static/array.js {libraryApiReady: true} @ http://localhost:8888/wp-content/plugins/beepbeep-ai-alt-text-generator/assets/js/bbai-posthog.js?ver=1776627859:156
[  399312ms] [LOG] [BBAI] PostHog init run {instance: posthog, apiHost: https://us.i.posthog.com} @ http://localhost:8888/wp-content/plugins/beepbeep-ai-alt-text-generator/assets/js/bbai-posthog.js?ver=1776627859:156
[  399315ms] [LOG] [BBAI] PostHog ready {instance: bbaiPosthog, loaded: true, hasConfig: true} @ http://localhost:8888/wp-content/plugins/beepbeep-ai-alt-text-generator/assets/js/bbai-posthog.js?ver=1776627859:156
[  399324ms] [LOG] [BBAI] bbaiTrack send plugin_opened {page: dashboard, site_hash: 02c0ab52e1ef4d6f618e4ac907c2383cafd7d36bf2408bfa12f3695f0f44ba98, site_url: http://localhost:8888/, is_logged_in: true, plan_type: free} @ http://localhost:8888/wp-content/plugins/beepbeep-ai-alt-text-generator/assets/js/bbai-posthog.js?ver=1776627859:156
[  399325ms] [LOG] [BBAI] bbaiTrack send dashboard_viewed {page: dashboard, site_hash: 02c0ab52e1ef4d6f618e4ac907c2383cafd7d36bf2408bfa12f3695f0f44ba98, site_url: http://localhost:8888/, is_logged_in: true, plan_type: free} @ http://localhost:8888/wp-content/plugins/beepbeep-ai-alt-text-generator/assets/js/bbai-posthog.js?ver=1776627859:156
[  399339ms] [LOG] [BBAI] bbaiTrack send needs_attention_banner_shown {page: dashboard, site_hash: 02c0ab52e1ef4d6f618e4ac907c2383cafd7d36bf2408bfa12f3695f0f44ba98, site_url: http://localhost:8888/, is_logged_in: true, plan_type: free} @ http://localhost:8888/wp-content/plugins/beepbeep-ai-alt-text-generator/assets/js/bbai-posthog.js?ver=1776627859:156
[  502378ms] [LOG] JQMIGRATE: Migrate is installed, version 3.4.1 @ http://localhost:8888/wp-admin/load-scripts.php?c=0&load%5Bchunk_0%5D=jquery-core,jquery-migrate,utils&ver=6.9.4:4
[  502424ms] [LOG] [BBAI] PostHog script injection start https://us-assets.i.posthog.com/static/array.js @ http://localhost:8888/wp-content/plugins/beepbeep-ai-alt-text-generator/assets/js/bbai-posthog.js?ver=1776627859:156
[  502456ms] [LOG] [BBAI] PostHog script onload https://us-assets.i.posthog.com/static/array.js {libraryApiReady: true} @ http://localhost:8888/wp-content/plugins/beepbeep-ai-alt-text-generator/assets/js/bbai-posthog.js?ver=1776627859:156
[  502456ms] [LOG] [BBAI] PostHog init run {instance: posthog, apiHost: https://us.i.posthog.com} @ http://localhost:8888/wp-content/plugins/beepbeep-ai-alt-text-generator/assets/js/bbai-posthog.js?ver=1776627859:156
[  502459ms] [LOG] [BBAI] PostHog ready {instance: bbaiPosthog, loaded: true, hasConfig: true} @ http://localhost:8888/wp-content/plugins/beepbeep-ai-alt-text-generator/assets/js/bbai-posthog.js?ver=1776627859:156
[  502459ms] [LOG] [BBAI] bbaiTrack send plugin_opened {page: dashboard, site_hash: 02c0ab52e1ef4d6f618e4ac907c2383cafd7d36bf2408bfa12f3695f0f44ba98, site_url: http://localhost:8888/, is_logged_in: true, plan_type: free} @ http://localhost:8888/wp-content/plugins/beepbeep-ai-alt-text-generator/assets/js/bbai-posthog.js?ver=1776627859:156
[  502459ms] [LOG] [BBAI] bbaiTrack send dashboard_viewed {page: dashboard, site_hash: 02c0ab52e1ef4d6f618e4ac907c2383cafd7d36bf2408bfa12f3695f0f44ba98, site_url: http://localhost:8888/, is_logged_in: true, plan_type: free} @ http://localhost:8888/wp-content/plugins/beepbeep-ai-alt-text-generator/assets/js/bbai-posthog.js?ver=1776627859:156
[  502460ms] [LOG] [BBAI] bbaiTrack send needs_attention_banner_shown {page: dashboard, site_hash: 02c0ab52e1ef4d6f618e4ac907c2383cafd7d36bf2408bfa12f3695f0f44ba98, site_url: http://localhost:8888/, is_logged_in: true, plan_type: free} @ http://localhost:8888/wp-content/plugins/beepbeep-ai-alt-text-generator/assets/js/bbai-posthog.js?ver=1776627859:156
[  505781ms] [LOG] [BBAI] bbaiTrack send generation_started {page: dashboard, site_hash: 02c0ab52e1ef4d6f618e4ac907c2383cafd7d36bf2408bfa12f3695f0f44ba98, site_url: http://localhost:8888/, is_logged_in: true, plan_type: free} @ http://localhost:8888/wp-content/plugins/beepbeep-ai-alt-text-generator/assets/js/bbai-posthog.js?ver=1776627859:156
[  505782ms] [LOG] [BBAI] bbaiTrack send feature_used {page: dashboard, site_hash: 02c0ab52e1ef4d6f618e4ac907c2383cafd7d36bf2408bfa12f3695f0f44ba98, site_url: http://localhost:8888/, is_logged_in: true, plan_type: free} @ http://localhost:8888/wp-content/plugins/beepbeep-ai-alt-text-generator/assets/js/bbai-posthog.js?ver=1776627859:156
[  508928ms] [LOG] [BBAI] Generation result {results: Array(1), requested_count: 1, processable_count: 1, processed_count: 1, failed_count: 0} @ http://localhost:8888/wp-content/plugins/beepbeep-ai-alt-text-generator/assets/js/bbai-admin.js?ver=1776675959:15608
[  512050ms] [LOG] [BBAI] Generation result {results: Array(1), requested_count: 1, processable_count: 1, processed_count: 1, failed_count: 0} @ http://localhost:8888/wp-content/plugins/beepbeep-ai-alt-text-generator/assets/js/bbai-admin.js?ver=1776675959:15608
[  515369ms] [LOG] [BBAI] Generation result {results: Array(1), requested_count: 1, processable_count: 1, processed_count: 1, failed_count: 0} @ http://localhost:8888/wp-content/plugins/beepbeep-ai-alt-text-generator/assets/js/bbai-admin.js?ver=1776675959:15608
[  518428ms] [LOG] [BBAI] Generation result {results: Array(1), requested_count: 1, processable_count: 1, processed_count: 1, failed_count: 0} @ http://localhost:8888/wp-content/plugins/beepbeep-ai-alt-text-generator/assets/js/bbai-admin.js?ver=1776675959:15608
[  521406ms] [LOG] [BBAI] Generation result {results: Array(1), requested_count: 1, processable_count: 1, processed_count: 1, failed_count: 0} @ http://localhost:8888/wp-content/plugins/beepbeep-ai-alt-text-generator/assets/js/bbai-admin.js?ver=1776675959:15608
[  524394ms] [LOG] [BBAI] Generation result {results: Array(1), requested_count: 1, processable_count: 1, processed_count: 1, failed_count: 0} @ http://localhost:8888/wp-content/plugins/beepbeep-ai-alt-text-generator/assets/js/bbai-admin.js?ver=1776675959:15608
[  527394ms] [LOG] [BBAI] Generation result {results: Array(1), requested_count: 1, processable_count: 1, processed_count: 1, failed_count: 0} @ http://localhost:8888/wp-content/plugins/beepbeep-ai-alt-text-generator/assets/js/bbai-admin.js?ver=1776675959:15608
[  527648ms] [LOG] [BBAI] bbaiTrack send batch_generation_cta_shown {page: dashboard, site_hash: 02c0ab52e1ef4d6f618e4ac907c2383cafd7d36bf2408bfa12f3695f0f44ba98, site_url: http://localhost:8888/, is_logged_in: true, plan_type: free} @ http://localhost:8888/wp-content/plugins/beepbeep-ai-alt-text-generator/assets/js/bbai-posthog.js?ver=1776627859:156
[  527651ms] [LOG] [BBAI] bbaiTrack send batch_generation_completed {page: dashboard, site_hash: 02c0ab52e1ef4d6f618e4ac907c2383cafd7d36bf2408bfa12f3695f0f44ba98, site_url: http://localhost:8888/, is_logged_in: true, plan_type: free} @ http://localhost:8888/wp-content/plugins/beepbeep-ai-alt-text-generator/assets/js/bbai-posthog.js?ver=1776627859:156
[  527651ms] [LOG] [BBAI] bbaiTrack send generation_completed {page: dashboard, site_hash: 02c0ab52e1ef4d6f618e4ac907c2383cafd7d36bf2408bfa12f3695f0f44ba98, site_url: http://localhost:8888/, is_logged_in: true, plan_type: free} @ http://localhost:8888/wp-content/plugins/beepbeep-ai-alt-text-generator/assets/js/bbai-posthog.js?ver=1776627859:156
[  540140ms] [LOG] JQMIGRATE: Migrate is installed, version 3.4.1 @ http://localhost:8888/wp-admin/load-scripts.php?c=0&load%5Bchunk_0%5D=jquery-core,jquery-migrate,utils&ver=6.9.4:4
[  540201ms] [LOG] [BBAI] PostHog script injection start https://us-assets.i.posthog.com/static/array.js @ http://localhost:8888/wp-content/plugins/beepbeep-ai-alt-text-generator/assets/js/bbai-posthog.js?ver=1776627859:156
[  540258ms] [LOG] [BBAI] PostHog script onload https://us-assets.i.posthog.com/static/array.js {libraryApiReady: true} @ http://localhost:8888/wp-content/plugins/beepbeep-ai-alt-text-generator/assets/js/bbai-posthog.js?ver=1776627859:156
[  540259ms] [LOG] [BBAI] PostHog init run {instance: posthog, apiHost: https://us.i.posthog.com} @ http://localhost:8888/wp-content/plugins/beepbeep-ai-alt-text-generator/assets/js/bbai-posthog.js?ver=1776627859:156
[  540261ms] [LOG] [BBAI] PostHog ready {instance: bbaiPosthog, loaded: true, hasConfig: true} @ http://localhost:8888/wp-content/plugins/beepbeep-ai-alt-text-generator/assets/js/bbai-posthog.js?ver=1776627859:156
[  540261ms] [LOG] [BBAI] bbaiTrack send plugin_opened {page: dashboard, site_hash: 02c0ab52e1ef4d6f618e4ac907c2383cafd7d36bf2408bfa12f3695f0f44ba98, site_url: http://localhost:8888/, is_logged_in: true, plan_type: free} @ http://localhost:8888/wp-content/plugins/beepbeep-ai-alt-text-generator/assets/js/bbai-posthog.js?ver=1776627859:156
[  540261ms] [LOG] [BBAI] bbaiTrack send dashboard_viewed {page: dashboard, site_hash: 02c0ab52e1ef4d6f618e4ac907c2383cafd7d36bf2408bfa12f3695f0f44ba98, site_url: http://localhost:8888/, is_logged_in: true, plan_type: free} @ http://localhost:8888/wp-content/plugins/beepbeep-ai-alt-text-generator/assets/js/bbai-posthog.js?ver=1776627859:156
[  540261ms] [LOG] [BBAI] bbaiTrack send needs_attention_banner_shown {page: dashboard, site_hash: 02c0ab52e1ef4d6f618e4ac907c2383cafd7d36bf2408bfa12f3695f0f44ba98, site_url: http://localhost:8888/, is_logged_in: true, plan_type: free} @ http://localhost:8888/wp-content/plugins/beepbeep-ai-alt-text-generator/assets/js/bbai-posthog.js?ver=1776627859:156
[  640316ms] [LOG] JQMIGRATE: Migrate is installed, version 3.4.1 @ http://localhost:8888/wp-admin/load-scripts.php?c=0&load%5Bchunk_0%5D=jquery-core,jquery-migrate,utils&ver=6.9.4:4
[  640453ms] [LOG] [BBAI] PostHog script injection start https://us-assets.i.posthog.com/static/array.js @ http://localhost:8888/wp-content/plugins/beepbeep-ai-alt-text-generator/assets/js/bbai-posthog.js?ver=1776627859:156
[  640499ms] [LOG] [BBAI] PostHog script onload https://us-assets.i.posthog.com/static/array.js {libraryApiReady: true} @ http://localhost:8888/wp-content/plugins/beepbeep-ai-alt-text-generator/assets/js/bbai-posthog.js?ver=1776627859:156
[  640499ms] [LOG] [BBAI] PostHog init run {instance: posthog, apiHost: https://us.i.posthog.com} @ http://localhost:8888/wp-content/plugins/beepbeep-ai-alt-text-generator/assets/js/bbai-posthog.js?ver=1776627859:156
[  640503ms] [LOG] [BBAI] PostHog ready {instance: bbaiPosthog, loaded: true, hasConfig: true} @ http://localhost:8888/wp-content/plugins/beepbeep-ai-alt-text-generator/assets/js/bbai-posthog.js?ver=1776627859:156
[  640504ms] [LOG] [BBAI] bbaiTrack send plugin_opened {page: dashboard, site_hash: 02c0ab52e1ef4d6f618e4ac907c2383cafd7d36bf2408bfa12f3695f0f44ba98, site_url: http://localhost:8888/, is_logged_in: true, plan_type: free} @ http://localhost:8888/wp-content/plugins/beepbeep-ai-alt-text-generator/assets/js/bbai-posthog.js?ver=1776627859:156
[  640504ms] [LOG] [BBAI] bbaiTrack send dashboard_viewed {page: dashboard, site_hash: 02c0ab52e1ef4d6f618e4ac907c2383cafd7d36bf2408bfa12f3695f0f44ba98, site_url: http://localhost:8888/, is_logged_in: true, plan_type: free} @ http://localhost:8888/wp-content/plugins/beepbeep-ai-alt-text-generator/assets/js/bbai-posthog.js?ver=1776627859:156
[  640504ms] [LOG] [BBAI] bbaiTrack send needs_attention_banner_shown {page: dashboard, site_hash: 02c0ab52e1ef4d6f618e4ac907c2383cafd7d36bf2408bfa12f3695f0f44ba98, site_url: http://localhost:8888/, is_logged_in: true, plan_type: free} @ http://localhost:8888/wp-content/plugins/beepbeep-ai-alt-text-generator/assets/js/bbai-posthog.js?ver=1776627859:156
[  643539ms] [LOG] [BBAI] bbaiTrack send generation_started {page: dashboard, site_hash: 02c0ab52e1ef4d6f618e4ac907c2383cafd7d36bf2408bfa12f3695f0f44ba98, site_url: http://localhost:8888/, is_logged_in: true, plan_type: free} @ http://localhost:8888/wp-content/plugins/beepbeep-ai-alt-text-generator/assets/js/bbai-posthog.js?ver=1776627859:156
[  643539ms] [LOG] [BBAI] bbaiTrack send feature_used {page: dashboard, site_hash: 02c0ab52e1ef4d6f618e4ac907c2383cafd7d36bf2408bfa12f3695f0f44ba98, site_url: http://localhost:8888/, is_logged_in: true, plan_type: free} @ http://localhost:8888/wp-content/plugins/beepbeep-ai-alt-text-generator/assets/js/bbai-posthog.js?ver=1776627859:156
[  646723ms] [LOG] [BBAI] Generation result {results: Array(1), requested_count: 1, processable_count: 1, processed_count: 1, failed_count: 0} @ http://localhost:8888/wp-content/plugins/beepbeep-ai-alt-text-generator/assets/js/bbai-admin.js?ver=1776675959:15608
[  650534ms] [LOG] [BBAI] Generation result {results: Array(1), requested_count: 1, processable_count: 1, processed_count: 1, failed_count: 0} @ http://localhost:8888/wp-content/plugins/beepbeep-ai-alt-text-generator/assets/js/bbai-admin.js?ver=1776675959:15608
[  653566ms] [LOG] [BBAI] Generation result {results: Array(1), requested_count: 1, processable_count: 1, processed_count: 1, failed_count: 0} @ http://localhost:8888/wp-content/plugins/beepbeep-ai-alt-text-generator/assets/js/bbai-admin.js?ver=1776675959:15608
[  656549ms] [LOG] [BBAI] Generation result {results: Array(1), requested_count: 1, processable_count: 1, processed_count: 1, failed_count: 0} @ http://localhost:8888/wp-content/plugins/beepbeep-ai-alt-text-generator/assets/js/bbai-admin.js?ver=1776675959:15608
[  659644ms] [LOG] [BBAI] Generation result {results: Array(1), requested_count: 1, processable_count: 1, processed_count: 1, failed_count: 0} @ http://localhost:8888/wp-content/plugins/beepbeep-ai-alt-text-generator/assets/js/bbai-admin.js?ver=1776675959:15608
[  662715ms] [LOG] [BBAI] Generation result {results: Array(1), requested_count: 1, processable_count: 1, processed_count: 1, failed_count: 0} @ http://localhost:8888/wp-content/plugins/beepbeep-ai-alt-text-generator/assets/js/bbai-admin.js?ver=1776675959:15608
[  665721ms] [LOG] [BBAI] Generation result {results: Array(1), requested_count: 1, processable_count: 1, processed_count: 1, failed_count: 0} @ http://localhost:8888/wp-content/plugins/beepbeep-ai-alt-text-generator/assets/js/bbai-admin.js?ver=1776675959:15608
[  665976ms] [LOG] [BBAI] bbaiTrack send batch_generation_cta_shown {page: dashboard, site_hash: 02c0ab52e1ef4d6f618e4ac907c2383cafd7d36bf2408bfa12f3695f0f44ba98, site_url: http://localhost:8888/, is_logged_in: true, plan_type: free} @ http://localhost:8888/wp-content/plugins/beepbeep-ai-alt-text-generator/assets/js/bbai-posthog.js?ver=1776627859:156
[  665978ms] [LOG] [BBAI] bbaiTrack send batch_generation_completed {page: dashboard, site_hash: 02c0ab52e1ef4d6f618e4ac907c2383cafd7d36bf2408bfa12f3695f0f44ba98, site_url: http://localhost:8888/, is_logged_in: true, plan_type: free} @ http://localhost:8888/wp-content/plugins/beepbeep-ai-alt-text-generator/assets/js/bbai-posthog.js?ver=1776627859:156
[  665978ms] [LOG] [BBAI] bbaiTrack send generation_completed {page: dashboard, site_hash: 02c0ab52e1ef4d6f618e4ac907c2383cafd7d36bf2408bfa12f3695f0f44ba98, site_url: http://localhost:8888/, is_logged_in: true, plan_type: free} @ http://localhost:8888/wp-content/plugins/beepbeep-ai-alt-text-generator/assets/js/bbai-posthog.js?ver=1776627859:156
[  678912ms] [LOG] JQMIGRATE: Migrate is installed, version 3.4.1 @ http://localhost:8888/wp-admin/load-scripts.php?c=0&load%5Bchunk_0%5D=jquery-core,jquery-migrate,utils&ver=6.9.4:4
[  678966ms] [LOG] [BBAI] PostHog script injection start https://us-assets.i.posthog.com/static/array.js @ http://localhost:8888/wp-content/plugins/beepbeep-ai-alt-text-generator/assets/js/bbai-posthog.js?ver=1776627859:156
[  679016ms] [LOG] [BBAI] PostHog script onload https://us-assets.i.posthog.com/static/array.js {libraryApiReady: true} @ http://localhost:8888/wp-content/plugins/beepbeep-ai-alt-text-generator/assets/js/bbai-posthog.js?ver=1776627859:156
[  679016ms] [LOG] [BBAI] PostHog init run {instance: posthog, apiHost: https://us.i.posthog.com} @ http://localhost:8888/wp-content/plugins/beepbeep-ai-alt-text-generator/assets/js/bbai-posthog.js?ver=1776627859:156
[  679019ms] [LOG] [BBAI] PostHog ready {instance: bbaiPosthog, loaded: true, hasConfig: true} @ http://localhost:8888/wp-content/plugins/beepbeep-ai-alt-text-generator/assets/js/bbai-posthog.js?ver=1776627859:156
[  679019ms] [LOG] [BBAI] bbaiTrack send plugin_opened {page: dashboard, site_hash: 02c0ab52e1ef4d6f618e4ac907c2383cafd7d36bf2408bfa12f3695f0f44ba98, site_url: http://localhost:8888/, is_logged_in: true, plan_type: free} @ http://localhost:8888/wp-content/plugins/beepbeep-ai-alt-text-generator/assets/js/bbai-posthog.js?ver=1776627859:156
[  679019ms] [LOG] [BBAI] bbaiTrack send dashboard_viewed {page: dashboard, site_hash: 02c0ab52e1ef4d6f618e4ac907c2383cafd7d36bf2408bfa12f3695f0f44ba98, site_url: http://localhost:8888/, is_logged_in: true, plan_type: free} @ http://localhost:8888/wp-content/plugins/beepbeep-ai-alt-text-generator/assets/js/bbai-posthog.js?ver=1776627859:156
[  679020ms] [LOG] [BBAI] bbaiTrack send needs_attention_banner_shown {page: dashboard, site_hash: 02c0ab52e1ef4d6f618e4ac907c2383cafd7d36bf2408bfa12f3695f0f44ba98, site_url: http://localhost:8888/, is_logged_in: true, plan_type: free} @ http://localhost:8888/wp-content/plugins/beepbeep-ai-alt-text-generator/assets/js/bbai-posthog.js?ver=1776627859:156
[  714670ms] [LOG] JQMIGRATE: Migrate is installed, version 3.4.1 @ http://localhost:8888/wp-admin/load-scripts.php?c=0&load%5Bchunk_0%5D=jquery-core,jquery-migrate,utils&ver=6.9.4:4
[  714721ms] [LOG] [BBAI] PostHog script injection start https://us-assets.i.posthog.com/static/array.js @ http://localhost:8888/wp-content/plugins/beepbeep-ai-alt-text-generator/assets/js/bbai-posthog.js?ver=1776627859:156
[  714745ms] [LOG] [BBAI] PostHog script onload https://us-assets.i.posthog.com/static/array.js {libraryApiReady: true} @ http://localhost:8888/wp-content/plugins/beepbeep-ai-alt-text-generator/assets/js/bbai-posthog.js?ver=1776627859:156
[  714746ms] [LOG] [BBAI] PostHog init run {instance: posthog, apiHost: https://us.i.posthog.com} @ http://localhost:8888/wp-content/plugins/beepbeep-ai-alt-text-generator/assets/js/bbai-posthog.js?ver=1776627859:156
[  714748ms] [LOG] [BBAI] PostHog ready {instance: bbaiPosthog, loaded: true, hasConfig: true} @ http://localhost:8888/wp-content/plugins/beepbeep-ai-alt-text-generator/assets/js/bbai-posthog.js?ver=1776627859:156
[  714748ms] [LOG] [BBAI] bbaiTrack send plugin_opened {page: dashboard, site_hash: 02c0ab52e1ef4d6f618e4ac907c2383cafd7d36bf2408bfa12f3695f0f44ba98, site_url: http://localhost:8888/, is_logged_in: true, plan_type: free} @ http://localhost:8888/wp-content/plugins/beepbeep-ai-alt-text-generator/assets/js/bbai-posthog.js?ver=1776627859:156
[  714748ms] [LOG] [BBAI] bbaiTrack send dashboard_viewed {page: dashboard, site_hash: 02c0ab52e1ef4d6f618e4ac907c2383cafd7d36bf2408bfa12f3695f0f44ba98, site_url: http://localhost:8888/, is_logged_in: true, plan_type: free} @ http://localhost:8888/wp-content/plugins/beepbeep-ai-alt-text-generator/assets/js/bbai-posthog.js?ver=1776627859:156
[  714749ms] [LOG] [BBAI] bbaiTrack send needs_attention_banner_shown {page: dashboard, site_hash: 02c0ab52e1ef4d6f618e4ac907c2383cafd7d36bf2408bfa12f3695f0f44ba98, site_url: http://localhost:8888/, is_logged_in: true, plan_type: free} @ http://localhost:8888/wp-content/plugins/beepbeep-ai-alt-text-generator/assets/js/bbai-posthog.js?ver=1776627859:156
[  717985ms] [LOG] [BBAI] bbaiTrack send generation_started {page: dashboard, site_hash: 02c0ab52e1ef4d6f618e4ac907c2383cafd7d36bf2408bfa12f3695f0f44ba98, site_url: http://localhost:8888/, is_logged_in: true, plan_type: free} @ http://localhost:8888/wp-content/plugins/beepbeep-ai-alt-text-generator/assets/js/bbai-posthog.js?ver=1776627859:156
[  717985ms] [LOG] [BBAI] bbaiTrack send feature_used {page: dashboard, site_hash: 02c0ab52e1ef4d6f618e4ac907c2383cafd7d36bf2408bfa12f3695f0f44ba98, site_url: http://localhost:8888/, is_logged_in: true, plan_type: free} @ http://localhost:8888/wp-content/plugins/beepbeep-ai-alt-text-generator/assets/js/bbai-posthog.js?ver=1776627859:156
[  720783ms] [LOG] [BBAI] Generation result {results: Array(1), requested_count: 1, processable_count: 1, processed_count: 1, failed_count: 0} @ http://localhost:8888/wp-content/plugins/beepbeep-ai-alt-text-generator/assets/js/bbai-admin.js?ver=1776675959:15608
[  723944ms] [LOG] [BBAI] Generation result {results: Array(1), requested_count: 1, processable_count: 1, processed_count: 1, failed_count: 0} @ http://localhost:8888/wp-content/plugins/beepbeep-ai-alt-text-generator/assets/js/bbai-admin.js?ver=1776675959:15608
[  727024ms] [LOG] [BBAI] Generation result {results: Array(1), requested_count: 1, processable_count: 1, processed_count: 1, failed_count: 0} @ http://localhost:8888/wp-content/plugins/beepbeep-ai-alt-text-generator/assets/js/bbai-admin.js?ver=1776675959:15608
[  730356ms] [LOG] [BBAI] Generation result {results: Array(1), requested_count: 1, processable_count: 1, processed_count: 1, failed_count: 0} @ http://localhost:8888/wp-content/plugins/beepbeep-ai-alt-text-generator/assets/js/bbai-admin.js?ver=1776675959:15608
[  733465ms] [LOG] [BBAI] Generation result {results: Array(1), requested_count: 1, processable_count: 1, processed_count: 1, failed_count: 0} @ http://localhost:8888/wp-content/plugins/beepbeep-ai-alt-text-generator/assets/js/bbai-admin.js?ver=1776675959:15608
[  736483ms] [LOG] [BBAI] Generation result {results: Array(1), requested_count: 1, processable_count: 1, processed_count: 1, failed_count: 0} @ http://localhost:8888/wp-content/plugins/beepbeep-ai-alt-text-generator/assets/js/bbai-admin.js?ver=1776675959:15608
[  739858ms] [LOG] [BBAI] Generation result {results: Array(1), requested_count: 1, processable_count: 1, processed_count: 1, failed_count: 0} @ http://localhost:8888/wp-content/plugins/beepbeep-ai-alt-text-generator/assets/js/bbai-admin.js?ver=1776675959:15608
[  740113ms] [LOG] [BBAI] bbaiTrack send batch_generation_cta_shown {page: dashboard, site_hash: 02c0ab52e1ef4d6f618e4ac907c2383cafd7d36bf2408bfa12f3695f0f44ba98, site_url: http://localhost:8888/, is_logged_in: true, plan_type: free} @ http://localhost:8888/wp-content/plugins/beepbeep-ai-alt-text-generator/assets/js/bbai-posthog.js?ver=1776627859:156
[  740116ms] [LOG] [BBAI] bbaiTrack send batch_generation_completed {page: dashboard, site_hash: 02c0ab52e1ef4d6f618e4ac907c2383cafd7d36bf2408bfa12f3695f0f44ba98, site_url: http://localhost:8888/, is_logged_in: true, plan_type: free} @ http://localhost:8888/wp-content/plugins/beepbeep-ai-alt-text-generator/assets/js/bbai-posthog.js?ver=1776627859:156
[  740117ms] [LOG] [BBAI] bbaiTrack send generation_completed {page: dashboard, site_hash: 02c0ab52e1ef4d6f618e4ac907c2383cafd7d36bf2408bfa12f3695f0f44ba98, site_url: http://localhost:8888/, is_logged_in: true, plan_type: free} @ http://localhost:8888/wp-content/plugins/beepbeep-ai-alt-text-generator/assets/js/bbai-posthog.js?ver=1776627859:156
[  752631ms] [LOG] JQMIGRATE: Migrate is installed, version 3.4.1 @ http://localhost:8888/wp-admin/load-scripts.php?c=0&load%5Bchunk_0%5D=jquery-core,jquery-migrate,utils&ver=6.9.4:4
[  752672ms] [LOG] [BBAI] PostHog script injection start https://us-assets.i.posthog.com/static/array.js @ http://localhost:8888/wp-content/plugins/beepbeep-ai-alt-text-generator/assets/js/bbai-posthog.js?ver=1776627859:156
[  752718ms] [LOG] [BBAI] PostHog script onload https://us-assets.i.posthog.com/static/array.js {libraryApiReady: true} @ http://localhost:8888/wp-content/plugins/beepbeep-ai-alt-text-generator/assets/js/bbai-posthog.js?ver=1776627859:156
[  752718ms] [LOG] [BBAI] PostHog init run {instance: posthog, apiHost: https://us.i.posthog.com} @ http://localhost:8888/wp-content/plugins/beepbeep-ai-alt-text-generator/assets/js/bbai-posthog.js?ver=1776627859:156
[  752720ms] [LOG] [BBAI] PostHog ready {instance: bbaiPosthog, loaded: true, hasConfig: true} @ http://localhost:8888/wp-content/plugins/beepbeep-ai-alt-text-generator/assets/js/bbai-posthog.js?ver=1776627859:156
[  752720ms] [LOG] [BBAI] bbaiTrack send plugin_opened {page: dashboard, site_hash: 02c0ab52e1ef4d6f618e4ac907c2383cafd7d36bf2408bfa12f3695f0f44ba98, site_url: http://localhost:8888/, is_logged_in: true, plan_type: free} @ http://localhost:8888/wp-content/plugins/beepbeep-ai-alt-text-generator/assets/js/bbai-posthog.js?ver=1776627859:156
[  752720ms] [LOG] [BBAI] bbaiTrack send dashboard_viewed {page: dashboard, site_hash: 02c0ab52e1ef4d6f618e4ac907c2383cafd7d36bf2408bfa12f3695f0f44ba98, site_url: http://localhost:8888/, is_logged_in: true, plan_type: free} @ http://localhost:8888/wp-content/plugins/beepbeep-ai-alt-text-generator/assets/js/bbai-posthog.js?ver=1776627859:156
[  752720ms] [LOG] [BBAI] bbaiTrack send needs_attention_banner_shown {page: dashboard, site_hash: 02c0ab52e1ef4d6f618e4ac907c2383cafd7d36bf2408bfa12f3695f0f44ba98, site_url: http://localhost:8888/, is_logged_in: true, plan_type: free} @ http://localhost:8888/wp-content/plugins/beepbeep-ai-alt-text-generator/assets/js/bbai-posthog.js?ver=1776627859:156
