[     150ms] [LOG] JQMIGRATE: Migrate is installed, version 3.4.1 @ http://localhost:8888/wp-admin/load-scripts.php?c=0&load%5Bchunk_0%5D=clipboard,jquery-core,jquery-migrate,zxcvbn-async,wp-hooks&ver=6.9.4:6
[   20556ms] [LOG] JQMIGRATE: Migrate is installed, version 3.4.1 @ http://localhost:8888/wp-admin/load-scripts.php?c=0&load%5Bchunk_0%5D=clipboard,jquery-core,jquery-migrate,zxcvbn-async,wp-hooks&ver=6.9.4:6
[   55115ms] [LOG] JQMIGRATE: Migrate is installed, version 3.4.1 @ http://localhost:8888/wp-admin/load-scripts.php?c=0&load%5Bchunk_0%5D=jquery-core,jquery-migrate,utils&ver=6.9.4:4
[   55256ms] [LOG] [BBAI] PostHog script injection start https://us-assets.i.posthog.com/static/array.js @ http://localhost:8888/wp-content/plugins/beepbeep-ai-alt-text-generator/assets/js/bbai-posthog.js?ver=1776627859:156
[   55326ms] [LOG] [BBAI] PostHog script onload https://us-assets.i.posthog.com/static/array.js {libraryApiReady: true} @ http://localhost:8888/wp-content/plugins/beepbeep-ai-alt-text-generator/assets/js/bbai-posthog.js?ver=1776627859:156
[   55327ms] [LOG] [BBAI] PostHog init run {instance: posthog, apiHost: https://us.i.posthog.com} @ http://localhost:8888/wp-content/plugins/beepbeep-ai-alt-text-generator/assets/js/bbai-posthog.js?ver=1776627859:156
[   55331ms] [LOG] [BBAI] PostHog ready {instance: bbaiPosthog, loaded: true, hasConfig: true} @ http://localhost:8888/wp-content/plugins/beepbeep-ai-alt-text-generator/assets/js/bbai-posthog.js?ver=1776627859:156
[   55332ms] [LOG] [BBAI] bbaiTrack send plugin_opened {page: dashboard, site_hash: 02c0ab52e1ef4d6f618e4ac907c2383cafd7d36bf2408bfa12f3695f0f44ba98, site_url: http://localhost:8888/, is_logged_in: true, plan_type: free} @ http://localhost:8888/wp-content/plugins/beepbeep-ai-alt-text-generator/assets/js/bbai-posthog.js?ver=1776627859:156
[   55332ms] [LOG] [BBAI] bbaiTrack send dashboard_viewed {page: dashboard, site_hash: 02c0ab52e1ef4d6f618e4ac907c2383cafd7d36bf2408bfa12f3695f0f44ba98, site_url: http://localhost:8888/, is_logged_in: true, plan_type: free} @ http://localhost:8888/wp-content/plugins/beepbeep-ai-alt-text-generator/assets/js/bbai-posthog.js?ver=1776627859:156
[   55430ms] [LOG] [BBAI] bbaiTrack send needs_attention_banner_shown {page: dashboard, site_hash: 02c0ab52e1ef4d6f618e4ac907c2383cafd7d36bf2408bfa12f3695f0f44ba98, site_url: http://localhost:8888/, is_logged_in: true, plan_type: free} @ http://localhost:8888/wp-content/plugins/beepbeep-ai-alt-text-generator/assets/js/bbai-posthog.js?ver=1776627859:156
[  212943ms] [LOG] JQMIGRATE: Migrate is installed, version 3.4.1 @ http://localhost:8888/wp-admin/load-scripts.php?c=0&load%5Bchunk_0%5D=jquery-core,jquery-migrate,utils&ver=6.9.4:4
[  213096ms] [LOG] [BBAI] PostHog script injection start https://us-assets.i.posthog.com/static/array.js @ http://localhost:8888/wp-content/plugins/beepbeep-ai-alt-text-generator/assets/js/bbai-posthog.js?ver=1776627859:156
[  213113ms] [LOG] [BBAI] PostHog script onload https://us-assets.i.posthog.com/static/array.js {libraryApiReady: true} @ http://localhost:8888/wp-content/plugins/beepbeep-ai-alt-text-generator/assets/js/bbai-posthog.js?ver=1776627859:156
[  213113ms] [LOG] [BBAI] PostHog init run {instance: posthog, apiHost: https://us.i.posthog.com} @ http://localhost:8888/wp-content/plugins/beepbeep-ai-alt-text-generator/assets/js/bbai-posthog.js?ver=1776627859:156
[  213117ms] [LOG] [BBAI] PostHog ready {instance: bbaiPosthog, loaded: true, hasConfig: true} @ http://localhost:8888/wp-content/plugins/beepbeep-ai-alt-text-generator/assets/js/bbai-posthog.js?ver=1776627859:156
[  213138ms] [LOG] [BBAI] bbaiTrack send plugin_opened {page: dashboard, site_hash: 02c0ab52e1ef4d6f618e4ac907c2383cafd7d36bf2408bfa12f3695f0f44ba98, site_url: http://localhost:8888/, is_logged_in: true, plan_type: free} @ http://localhost:8888/wp-content/plugins/beepbeep-ai-alt-text-generator/assets/js/bbai-posthog.js?ver=1776627859:156
[  213139ms] [LOG] [BBAI] bbaiTrack send dashboard_viewed {page: dashboard, site_hash: 02c0ab52e1ef4d6f618e4ac907c2383cafd7d36bf2408bfa12f3695f0f44ba98, site_url: http://localhost:8888/, is_logged_in: true, plan_type: free} @ http://localhost:8888/wp-content/plugins/beepbeep-ai-alt-text-generator/assets/js/bbai-posthog.js?ver=1776627859:156
[  213150ms] [LOG] [BBAI] bbaiTrack send needs_attention_banner_shown {page: dashboard, site_hash: 02c0ab52e1ef4d6f618e4ac907c2383cafd7d36bf2408bfa12f3695f0f44ba98, site_url: http://localhost:8888/, is_logged_in: true, plan_type: free} @ http://localhost:8888/wp-content/plugins/beepbeep-ai-alt-text-generator/assets/js/bbai-posthog.js?ver=1776627859:156
[  262833ms] [LOG] JQMIGRATE: Migrate is installed, version 3.4.1 @ http://localhost:8888/wp-admin/load-scripts.php?c=0&load%5Bchunk_0%5D=jquery-core,jquery-migrate,utils&ver=6.9.4:4
[  262871ms] [LOG] [BBAI] PostHog script injection start https://us-assets.i.posthog.com/static/array.js @ http://localhost:8888/wp-content/plugins/beepbeep-ai-alt-text-generator/assets/js/bbai-posthog.js?ver=1776627859:156
[  262920ms] [LOG] [BBAI] PostHog script onload https://us-assets.i.posthog.com/static/array.js {libraryApiReady: true} @ http://localhost:8888/wp-content/plugins/beepbeep-ai-alt-text-generator/assets/js/bbai-posthog.js?ver=1776627859:156
[  262920ms] [LOG] [BBAI] PostHog init run {instance: posthog, apiHost: https://us.i.posthog.com} @ http://localhost:8888/wp-content/plugins/beepbeep-ai-alt-text-generator/assets/js/bbai-posthog.js?ver=1776627859:156
[  262922ms] [LOG] [BBAI] PostHog ready {instance: bbaiPosthog, loaded: true, hasConfig: true} @ http://localhost:8888/wp-content/plugins/beepbeep-ai-alt-text-generator/assets/js/bbai-posthog.js?ver=1776627859:156
[  262922ms] [LOG] [BBAI] bbaiTrack send plugin_opened {page: dashboard, site_hash: 02c0ab52e1ef4d6f618e4ac907c2383cafd7d36bf2408bfa12f3695f0f44ba98, site_url: http://localhost:8888/, is_logged_in: true, plan_type: free} @ http://localhost:8888/wp-content/plugins/beepbeep-ai-alt-text-generator/assets/js/bbai-posthog.js?ver=1776627859:156
[  262923ms] [LOG] [BBAI] bbaiTrack send dashboard_viewed {page: dashboard, site_hash: 02c0ab52e1ef4d6f618e4ac907c2383cafd7d36bf2408bfa12f3695f0f44ba98, site_url: http://localhost:8888/, is_logged_in: true, plan_type: free} @ http://localhost:8888/wp-content/plugins/beepbeep-ai-alt-text-generator/assets/js/bbai-posthog.js?ver=1776627859:156
[  262923ms] [LOG] [BBAI] bbaiTrack send needs_attention_banner_shown {page: dashboard, site_hash: 02c0ab52e1ef4d6f618e4ac907c2383cafd7d36bf2408bfa12f3695f0f44ba98, site_url: http://localhost:8888/, is_logged_in: true, plan_type: free} @ http://localhost:8888/wp-content/plugins/beepbeep-ai-alt-text-generator/assets/js/bbai-posthog.js?ver=1776627859:156
[  280587ms] [LOG] JQMIGRATE: Migrate is installed, version 3.4.1 @ http://localhost:8888/wp-admin/load-scripts.php?c=0&load%5Bchunk_0%5D=jquery-core,jquery-migrate,utils&ver=6.9.4:4
[  280622ms] [LOG] [BBAI] PostHog script injection start https://us-assets.i.posthog.com/static/array.js @ http://localhost:8888/wp-content/plugins/beepbeep-ai-alt-text-generator/assets/js/bbai-posthog.js?ver=1776627859:156
[  280636ms] [LOG] [BBAI] PostHog script onload https://us-assets.i.posthog.com/static/array.js {libraryApiReady: true} @ http://localhost:8888/wp-content/plugins/beepbeep-ai-alt-text-generator/assets/js/bbai-posthog.js?ver=1776627859:156
[  280636ms] [LOG] [BBAI] PostHog init run {instance: posthog, apiHost: https://us.i.posthog.com} @ http://localhost:8888/wp-content/plugins/beepbeep-ai-alt-text-generator/assets/js/bbai-posthog.js?ver=1776627859:156
[  280638ms] [LOG] [BBAI] PostHog ready {instance: bbaiPosthog, loaded: true, hasConfig: true} @ http://localhost:8888/wp-content/plugins/beepbeep-ai-alt-text-generator/assets/js/bbai-posthog.js?ver=1776627859:156
[  280640ms] [LOG] [BBAI] bbaiTrack send plugin_opened {page: dashboard, site_hash: 02c0ab52e1ef4d6f618e4ac907c2383cafd7d36bf2408bfa12f3695f0f44ba98, site_url: http://localhost:8888/, is_logged_in: true, plan_type: free} @ http://localhost:8888/wp-content/plugins/beepbeep-ai-alt-text-generator/assets/js/bbai-posthog.js?ver=1776627859:156
[  280640ms] [LOG] [BBAI] bbaiTrack send dashboard_viewed {page: dashboard, site_hash: 02c0ab52e1ef4d6f618e4ac907c2383cafd7d36bf2408bfa12f3695f0f44ba98, site_url: http://localhost:8888/, is_logged_in: true, plan_type: free} @ http://localhost:8888/wp-content/plugins/beepbeep-ai-alt-text-generator/assets/js/bbai-posthog.js?ver=1776627859:156
[  280647ms] [LOG] [BBAI] bbaiTrack send needs_attention_banner_shown {page: dashboard, site_hash: 02c0ab52e1ef4d6f618e4ac907c2383cafd7d36bf2408bfa12f3695f0f44ba98, site_url: http://localhost:8888/, is_logged_in: true, plan_type: free} @ http://localhost:8888/wp-content/plugins/beepbeep-ai-alt-text-generator/assets/js/bbai-posthog.js?ver=1776627859:156
[  297885ms] [LOG] JQMIGRATE: Migrate is installed, version 3.4.1 @ http://localhost:8888/wp-admin/load-scripts.php?c=0&load%5Bchunk_0%5D=jquery-core,jquery-migrate,utils&ver=6.9.4:4
[  297924ms] [LOG] [BBAI] PostHog script injection start https://us-assets.i.posthog.com/static/array.js @ http://localhost:8888/wp-content/plugins/beepbeep-ai-alt-text-generator/assets/js/bbai-posthog.js?ver=1776627859:156
[  297929ms] [LOG] [BBAI] PostHog script onload https://us-assets.i.posthog.com/static/array.js {libraryApiReady: true} @ http://localhost:8888/wp-content/plugins/beepbeep-ai-alt-text-generator/assets/js/bbai-posthog.js?ver=1776627859:156
[  297930ms] [LOG] [BBAI] PostHog init run {instance: posthog, apiHost: https://us.i.posthog.com} @ http://localhost:8888/wp-content/plugins/beepbeep-ai-alt-text-generator/assets/js/bbai-posthog.js?ver=1776627859:156
[  297932ms] [LOG] [BBAI] PostHog ready {instance: bbaiPosthog, loaded: true, hasConfig: true} @ http://localhost:8888/wp-content/plugins/beepbeep-ai-alt-text-generator/assets/js/bbai-posthog.js?ver=1776627859:156
[  297941ms] [LOG] [BBAI] bbaiTrack send plugin_opened {page: dashboard, site_hash: 02c0ab52e1ef4d6f618e4ac907c2383cafd7d36bf2408bfa12f3695f0f44ba98, site_url: http://localhost:8888/, is_logged_in: true, plan_type: free} @ http://localhost:8888/wp-content/plugins/beepbeep-ai-alt-text-generator/assets/js/bbai-posthog.js?ver=1776627859:156
[  297941ms] [LOG] [BBAI] bbaiTrack send dashboard_viewed {page: dashboard, site_hash: 02c0ab52e1ef4d6f618e4ac907c2383cafd7d36bf2408bfa12f3695f0f44ba98, site_url: http://localhost:8888/, is_logged_in: true, plan_type: free} @ http://localhost:8888/wp-content/plugins/beepbeep-ai-alt-text-generator/assets/js/bbai-posthog.js?ver=1776627859:156
[  297951ms] [LOG] [BBAI] bbaiTrack send needs_attention_banner_shown {page: dashboard, site_hash: 02c0ab52e1ef4d6f618e4ac907c2383cafd7d36bf2408bfa12f3695f0f44ba98, site_url: http://localhost:8888/, is_logged_in: true, plan_type: free} @ http://localhost:8888/wp-content/plugins/beepbeep-ai-alt-text-generator/assets/js/bbai-posthog.js?ver=1776627859:156
[  317114ms] [LOG] JQMIGRATE: Migrate is installed, version 3.4.1 @ http://localhost:8888/wp-admin/load-scripts.php?c=0&load%5Bchunk_0%5D=jquery-core,jquery-migrate,utils&ver=6.9.4:4
[  317144ms] [LOG] [BBAI] PostHog script injection start https://us-assets.i.posthog.com/static/array.js @ http://localhost:8888/wp-content/plugins/beepbeep-ai-alt-text-generator/assets/js/bbai-posthog.js?ver=1776627859:156
[  317149ms] [LOG] [BBAI] PostHog script onload https://us-assets.i.posthog.com/static/array.js {libraryApiReady: true} @ http://localhost:8888/wp-content/plugins/beepbeep-ai-alt-text-generator/assets/js/bbai-posthog.js?ver=1776627859:156
[  317149ms] [LOG] [BBAI] PostHog init run {instance: posthog, apiHost: https://us.i.posthog.com} @ http://localhost:8888/wp-content/plugins/beepbeep-ai-alt-text-generator/assets/js/bbai-posthog.js?ver=1776627859:156
[  317152ms] [LOG] [BBAI] PostHog ready {instance: bbaiPosthog, loaded: true, hasConfig: true} @ http://localhost:8888/wp-content/plugins/beepbeep-ai-alt-text-generator/assets/js/bbai-posthog.js?ver=1776627859:156
[  317163ms] [LOG] [BBAI] bbaiTrack send plugin_opened {page: dashboard, site_hash: 02c0ab52e1ef4d6f618e4ac907c2383cafd7d36bf2408bfa12f3695f0f44ba98, site_url: http://localhost:8888/, is_logged_in: true, plan_type: free} @ http://localhost:8888/wp-content/plugins/beepbeep-ai-alt-text-generator/assets/js/bbai-posthog.js?ver=1776627859:156
[  317163ms] [LOG] [BBAI] bbaiTrack send dashboard_viewed {page: dashboard, site_hash: 02c0ab52e1ef4d6f618e4ac907c2383cafd7d36bf2408bfa12f3695f0f44ba98, site_url: http://localhost:8888/, is_logged_in: true, plan_type: free} @ http://localhost:8888/wp-content/plugins/beepbeep-ai-alt-text-generator/assets/js/bbai-posthog.js?ver=1776627859:156
[  317169ms] [LOG] [BBAI] bbaiTrack send needs_attention_banner_shown {page: dashboard, site_hash: 02c0ab52e1ef4d6f618e4ac907c2383cafd7d36bf2408bfa12f3695f0f44ba98, site_url: http://localhost:8888/, is_logged_in: true, plan_type: free} @ http://localhost:8888/wp-content/plugins/beepbeep-ai-alt-text-generator/assets/js/bbai-posthog.js?ver=1776627859:156
[  334479ms] [LOG] JQMIGRATE: Migrate is installed, version 3.4.1 @ http://localhost:8888/wp-admin/load-scripts.php?c=0&load%5Bchunk_0%5D=jquery-core,jquery-migrate,utils&ver=6.9.4:4
[  334516ms] [LOG] [BBAI] PostHog script injection start https://us-assets.i.posthog.com/static/array.js @ http://localhost:8888/wp-content/plugins/beepbeep-ai-alt-text-generator/assets/js/bbai-posthog.js?ver=1776627859:156
[  334521ms] [LOG] [BBAI] PostHog script onload https://us-assets.i.posthog.com/static/array.js {libraryApiReady: true} @ http://localhost:8888/wp-content/plugins/beepbeep-ai-alt-text-generator/assets/js/bbai-posthog.js?ver=1776627859:156
[  334521ms] [LOG] [BBAI] PostHog init run {instance: posthog, apiHost: https://us.i.posthog.com} @ http://localhost:8888/wp-content/plugins/beepbeep-ai-alt-text-generator/assets/js/bbai-posthog.js?ver=1776627859:156
[  334523ms] [LOG] [BBAI] PostHog ready {instance: bbaiPosthog, loaded: true, hasConfig: true} @ http://localhost:8888/wp-content/plugins/beepbeep-ai-alt-text-generator/assets/js/bbai-posthog.js?ver=1776627859:156
[  334536ms] [LOG] [BBAI] bbaiTrack send plugin_opened {page: dashboard, site_hash: 02c0ab52e1ef4d6f618e4ac907c2383cafd7d36bf2408bfa12f3695f0f44ba98, site_url: http://localhost:8888/, is_logged_in: true, plan_type: free} @ http://localhost:8888/wp-content/plugins/beepbeep-ai-alt-text-generator/assets/js/bbai-posthog.js?ver=1776627859:156
[  334536ms] [LOG] [BBAI] bbaiTrack send dashboard_viewed {page: dashboard, site_hash: 02c0ab52e1ef4d6f618e4ac907c2383cafd7d36bf2408bfa12f3695f0f44ba98, site_url: http://localhost:8888/, is_logged_in: true, plan_type: free} @ http://localhost:8888/wp-content/plugins/beepbeep-ai-alt-text-generator/assets/js/bbai-posthog.js?ver=1776627859:156
[  334542ms] [LOG] [BBAI] bbaiTrack send needs_attention_banner_shown {page: dashboard, site_hash: 02c0ab52e1ef4d6f618e4ac907c2383cafd7d36bf2408bfa12f3695f0f44ba98, site_url: http://localhost:8888/, is_logged_in: true, plan_type: free} @ http://localhost:8888/wp-content/plugins/beepbeep-ai-alt-text-generator/assets/js/bbai-posthog.js?ver=1776627859:156
[  352230ms] [LOG] JQMIGRATE: Migrate is installed, version 3.4.1 @ http://localhost:8888/wp-admin/load-scripts.php?c=0&load%5Bchunk_0%5D=jquery-core,jquery-migrate,utils&ver=6.9.4:4
[  352266ms] [LOG] [BBAI] PostHog script injection start https://us-assets.i.posthog.com/static/array.js @ http://localhost:8888/wp-content/plugins/beepbeep-ai-alt-text-generator/assets/js/bbai-posthog.js?ver=1776627859:156
[  352270ms] [LOG] [BBAI] PostHog script onload https://us-assets.i.posthog.com/static/array.js {libraryApiReady: true} @ http://localhost:8888/wp-content/plugins/beepbeep-ai-alt-text-generator/assets/js/bbai-posthog.js?ver=1776627859:156
[  352270ms] [LOG] [BBAI] PostHog init run {instance: posthog, apiHost: https://us.i.posthog.com} @ http://localhost:8888/wp-content/plugins/beepbeep-ai-alt-text-generator/assets/js/bbai-posthog.js?ver=1776627859:156
[  352272ms] [LOG] [BBAI] PostHog ready {instance: bbaiPosthog, loaded: true, hasConfig: true} @ http://localhost:8888/wp-content/plugins/beepbeep-ai-alt-text-generator/assets/js/bbai-posthog.js?ver=1776627859:156
[  352284ms] [LOG] [BBAI] bbaiTrack send plugin_opened {page: dashboard, site_hash: 02c0ab52e1ef4d6f618e4ac907c2383cafd7d36bf2408bfa12f3695f0f44ba98, site_url: http://localhost:8888/, is_logged_in: true, plan_type: free} @ http://localhost:8888/wp-content/plugins/beepbeep-ai-alt-text-generator/assets/js/bbai-posthog.js?ver=1776627859:156
[  352284ms] [LOG] [BBAI] bbaiTrack send dashboard_viewed {page: dashboard, site_hash: 02c0ab52e1ef4d6f618e4ac907c2383cafd7d36bf2408bfa12f3695f0f44ba98, site_url: http://localhost:8888/, is_logged_in: true, plan_type: free} @ http://localhost:8888/wp-content/plugins/beepbeep-ai-alt-text-generator/assets/js/bbai-posthog.js?ver=1776627859:156
[  352291ms] [LOG] [BBAI] bbaiTrack send needs_attention_banner_shown {page: dashboard, site_hash: 02c0ab52e1ef4d6f618e4ac907c2383cafd7d36bf2408bfa12f3695f0f44ba98, site_url: http://localhost:8888/, is_logged_in: true, plan_type: free} @ http://localhost:8888/wp-content/plugins/beepbeep-ai-alt-text-generator/assets/js/bbai-posthog.js?ver=1776627859:156
[  529478ms] [LOG] JQMIGRATE: Migrate is installed, version 3.4.1 @ http://localhost:8888/wp-admin/load-scripts.php?c=0&load%5Bchunk_0%5D=jquery-core,jquery-migrate,utils&ver=6.9.4:4
[  529527ms] [LOG] [BBAI] PostHog script injection start https://us-assets.i.posthog.com/static/array.js @ http://localhost:8888/wp-content/plugins/beepbeep-ai-alt-text-generator/assets/js/bbai-posthog.js?ver=1776627859:156
[  529577ms] [LOG] [BBAI] PostHog script onload https://us-assets.i.posthog.com/static/array.js {libraryApiReady: true} @ http://localhost:8888/wp-content/plugins/beepbeep-ai-alt-text-generator/assets/js/bbai-posthog.js?ver=1776627859:156
[  529577ms] [LOG] [BBAI] PostHog init run {instance: posthog, apiHost: https://us.i.posthog.com} @ http://localhost:8888/wp-content/plugins/beepbeep-ai-alt-text-generator/assets/js/bbai-posthog.js?ver=1776627859:156
[  529579ms] [LOG] [BBAI] PostHog ready {instance: bbaiPosthog, loaded: true, hasConfig: true} @ http://localhost:8888/wp-content/plugins/beepbeep-ai-alt-text-generator/assets/js/bbai-posthog.js?ver=1776627859:156
[  529579ms] [LOG] [BBAI] bbaiTrack send plugin_opened {page: dashboard, site_hash: 02c0ab52e1ef4d6f618e4ac907c2383cafd7d36bf2408bfa12f3695f0f44ba98, site_url: http://localhost:8888/, is_logged_in: true, plan_type: free} @ http://localhost:8888/wp-content/plugins/beepbeep-ai-alt-text-generator/assets/js/bbai-posthog.js?ver=1776627859:156
[  529579ms] [LOG] [BBAI] bbaiTrack send dashboard_viewed {page: dashboard, site_hash: 02c0ab52e1ef4d6f618e4ac907c2383cafd7d36bf2408bfa12f3695f0f44ba98, site_url: http://localhost:8888/, is_logged_in: true, plan_type: free} @ http://localhost:8888/wp-content/plugins/beepbeep-ai-alt-text-generator/assets/js/bbai-posthog.js?ver=1776627859:156
[  529579ms] [LOG] [BBAI] bbaiTrack send needs_attention_banner_shown {page: dashboard, site_hash: 02c0ab52e1ef4d6f618e4ac907c2383cafd7d36bf2408bfa12f3695f0f44ba98, site_url: http://localhost:8888/, is_logged_in: true, plan_type: free} @ http://localhost:8888/wp-content/plugins/beepbeep-ai-alt-text-generator/assets/js/bbai-posthog.js?ver=1776627859:156
[  625427ms] [LOG] JQMIGRATE: Migrate is installed, version 3.4.1 @ http://localhost:8888/wp-admin/load-scripts.php?c=0&load%5Bchunk_0%5D=jquery-core,jquery-migrate,utils&ver=6.9.4:4
[  625465ms] [LOG] [BBAI] PostHog script injection start https://us-assets.i.posthog.com/static/array.js @ http://localhost:8888/wp-content/plugins/beepbeep-ai-alt-text-generator/assets/js/bbai-posthog.js?ver=1776627859:156
[  625470ms] [LOG] [BBAI] PostHog script onload https://us-assets.i.posthog.com/static/array.js {libraryApiReady: true} @ http://localhost:8888/wp-content/plugins/beepbeep-ai-alt-text-generator/assets/js/bbai-posthog.js?ver=1776627859:156
[  625470ms] [LOG] [BBAI] PostHog init run {instance: posthog, apiHost: https://us.i.posthog.com} @ http://localhost:8888/wp-content/plugins/beepbeep-ai-alt-text-generator/assets/js/bbai-posthog.js?ver=1776627859:156
[  625473ms] [LOG] [BBAI] PostHog ready {instance: bbaiPosthog, loaded: true, hasConfig: true} @ http://localhost:8888/wp-content/plugins/beepbeep-ai-alt-text-generator/assets/js/bbai-posthog.js?ver=1776627859:156
[  625479ms] [LOG] [BBAI] bbaiTrack send plugin_opened {page: dashboard, site_hash: 02c0ab52e1ef4d6f618e4ac907c2383cafd7d36bf2408bfa12f3695f0f44ba98, site_url: http://localhost:8888/, is_logged_in: true, plan_type: free} @ http://localhost:8888/wp-content/plugins/beepbeep-ai-alt-text-generator/assets/js/bbai-posthog.js?ver=1776627859:156
[  625479ms] [LOG] [BBAI] bbaiTrack send dashboard_viewed {page: dashboard, site_hash: 02c0ab52e1ef4d6f618e4ac907c2383cafd7d36bf2408bfa12f3695f0f44ba98, site_url: http://localhost:8888/, is_logged_in: true, plan_type: free} @ http://localhost:8888/wp-content/plugins/beepbeep-ai-alt-text-generator/assets/js/bbai-posthog.js?ver=1776627859:156
[  625490ms] [LOG] [BBAI] bbaiTrack send needs_attention_banner_shown {page: dashboard, site_hash: 02c0ab52e1ef4d6f618e4ac907c2383cafd7d36bf2408bfa12f3695f0f44ba98, site_url: http://localhost:8888/, is_logged_in: true, plan_type: free} @ http://localhost:8888/wp-content/plugins/beepbeep-ai-alt-text-generator/assets/js/bbai-posthog.js?ver=1776627859:156
[  726551ms] [LOG] JQMIGRATE: Migrate is installed, version 3.4.1 @ http://localhost:8888/wp-admin/load-scripts.php?c=0&load%5Bchunk_0%5D=jquery-core,jquery-migrate,utils&ver=6.9.4:4
[  726592ms] [LOG] [BBAI] PostHog script injection start https://us-assets.i.posthog.com/static/array.js @ http://localhost:8888/wp-content/plugins/beepbeep-ai-alt-text-generator/assets/js/bbai-posthog.js?ver=1776627859:156
[  726597ms] [LOG] [BBAI] PostHog script onload https://us-assets.i.posthog.com/static/array.js {libraryApiReady: true} @ http://localhost:8888/wp-content/plugins/beepbeep-ai-alt-text-generator/assets/js/bbai-posthog.js?ver=1776627859:156
[  726597ms] [LOG] [BBAI] PostHog init run {instance: posthog, apiHost: https://us.i.posthog.com} @ http://localhost:8888/wp-content/plugins/beepbeep-ai-alt-text-generator/assets/js/bbai-posthog.js?ver=1776627859:156
[  726599ms] [LOG] [BBAI] PostHog ready {instance: bbaiPosthog, loaded: true, hasConfig: true} @ http://localhost:8888/wp-content/plugins/beepbeep-ai-alt-text-generator/assets/js/bbai-posthog.js?ver=1776627859:156
[  726606ms] [LOG] [BBAI] bbaiTrack send plugin_opened {page: dashboard, site_hash: 02c0ab52e1ef4d6f618e4ac907c2383cafd7d36bf2408bfa12f3695f0f44ba98, site_url: http://localhost:8888/, is_logged_in: true, plan_type: free} @ http://localhost:8888/wp-content/plugins/beepbeep-ai-alt-text-generator/assets/js/bbai-posthog.js?ver=1776627859:156
[  726606ms] [LOG] [BBAI] bbaiTrack send dashboard_viewed {page: dashboard, site_hash: 02c0ab52e1ef4d6f618e4ac907c2383cafd7d36bf2408bfa12f3695f0f44ba98, site_url: http://localhost:8888/, is_logged_in: true, plan_type: free} @ http://localhost:8888/wp-content/plugins/beepbeep-ai-alt-text-generator/assets/js/bbai-posthog.js?ver=1776627859:156
[  726616ms] [LOG] [BBAI] bbaiTrack send needs_attention_banner_shown {page: dashboard, site_hash: 02c0ab52e1ef4d6f618e4ac907c2383cafd7d36bf2408bfa12f3695f0f44ba98, site_url: http://localhost:8888/, is_logged_in: true, plan_type: free} @ http://localhost:8888/wp-content/plugins/beepbeep-ai-alt-text-generator/assets/js/bbai-posthog.js?ver=1776627859:156
[  829319ms] [LOG] JQMIGRATE: Migrate is installed, version 3.4.1 @ http://localhost:8888/wp-admin/load-scripts.php?c=0&load%5Bchunk_0%5D=jquery-core,jquery-migrate,utils&ver=6.9.4:4
[  829374ms] [LOG] [BBAI] PostHog script injection start https://us-assets.i.posthog.com/static/array.js @ http://localhost:8888/wp-content/plugins/beepbeep-ai-alt-text-generator/assets/js/bbai-posthog.js?ver=1776627859:156
[  829417ms] [LOG] [BBAI] PostHog script onload https://us-assets.i.posthog.com/static/array.js {libraryApiReady: true} @ http://localhost:8888/wp-content/plugins/beepbeep-ai-alt-text-generator/assets/js/bbai-posthog.js?ver=1776627859:156
[  829418ms] [LOG] [BBAI] PostHog init run {instance: posthog, apiHost: https://us.i.posthog.com} @ http://localhost:8888/wp-content/plugins/beepbeep-ai-alt-text-generator/assets/js/bbai-posthog.js?ver=1776627859:156
[  829420ms] [LOG] [BBAI] PostHog ready {instance: bbaiPosthog, loaded: true, hasConfig: true} @ http://localhost:8888/wp-content/plugins/beepbeep-ai-alt-text-generator/assets/js/bbai-posthog.js?ver=1776627859:156
[  829421ms] [LOG] [BBAI] bbaiTrack send plugin_opened {page: alt_library, site_hash: 02c0ab52e1ef4d6f618e4ac907c2383cafd7d36bf2408bfa12f3695f0f44ba98, site_url: http://localhost:8888/, is_logged_in: true, plan_type: free} @ http://localhost:8888/wp-content/plugins/beepbeep-ai-alt-text-generator/assets/js/bbai-posthog.js?ver=1776627859:156
[  829421ms] [LOG] [BBAI] bbaiTrack send alt_library_viewed {page: alt_library, site_hash: 02c0ab52e1ef4d6f618e4ac907c2383cafd7d36bf2408bfa12f3695f0f44ba98, site_url: http://localhost:8888/, is_logged_in: true, plan_type: free} @ http://localhost:8888/wp-content/plugins/beepbeep-ai-alt-text-generator/assets/js/bbai-posthog.js?ver=1776627859:156
[  842509ms] [LOG] JQMIGRATE: Migrate is installed, version 3.4.1 @ http://localhost:8888/wp-admin/load-scripts.php?c=0&load%5Bchunk_0%5D=jquery-core,jquery-migrate,utils&ver=6.9.4:4
[  842550ms] [LOG] [BBAI] PostHog script injection start https://us-assets.i.posthog.com/static/array.js @ http://localhost:8888/wp-content/plugins/beepbeep-ai-alt-text-generator/assets/js/bbai-posthog.js?ver=1776627859:156
[  842571ms] [LOG] [BBAI] PostHog script onload https://us-assets.i.posthog.com/static/array.js {libraryApiReady: true} @ http://localhost:8888/wp-content/plugins/beepbeep-ai-alt-text-generator/assets/js/bbai-posthog.js?ver=1776627859:156
[  842571ms] [LOG] [BBAI] PostHog init run {instance: posthog, apiHost: https://us.i.posthog.com} @ http://localhost:8888/wp-content/plugins/beepbeep-ai-alt-text-generator/assets/js/bbai-posthog.js?ver=1776627859:156
[  842573ms] [LOG] [BBAI] PostHog ready {instance: bbaiPosthog, loaded: true, hasConfig: true} @ http://localhost:8888/wp-content/plugins/beepbeep-ai-alt-text-generator/assets/js/bbai-posthog.js?ver=1776627859:156
[  842573ms] [LOG] [BBAI] bbaiTrack send plugin_opened {page: dashboard, site_hash: 02c0ab52e1ef4d6f618e4ac907c2383cafd7d36bf2408bfa12f3695f0f44ba98, site_url: http://localhost:8888/, is_logged_in: true, plan_type: free} @ http://localhost:8888/wp-content/plugins/beepbeep-ai-alt-text-generator/assets/js/bbai-posthog.js?ver=1776627859:156
[  842573ms] [LOG] [BBAI] bbaiTrack send dashboard_viewed {page: dashboard, site_hash: 02c0ab52e1ef4d6f618e4ac907c2383cafd7d36bf2408bfa12f3695f0f44ba98, site_url: http://localhost:8888/, is_logged_in: true, plan_type: free} @ http://localhost:8888/wp-content/plugins/beepbeep-ai-alt-text-generator/assets/js/bbai-posthog.js?ver=1776627859:156
[  842573ms] [LOG] [BBAI] bbaiTrack send needs_attention_banner_shown {page: dashboard, site_hash: 02c0ab52e1ef4d6f618e4ac907c2383cafd7d36bf2408bfa12f3695f0f44ba98, site_url: http://localhost:8888/, is_logged_in: true, plan_type: free} @ http://localhost:8888/wp-content/plugins/beepbeep-ai-alt-text-generator/assets/js/bbai-posthog.js?ver=1776627859:156
