[     226ms] [LOG] JQMIGRATE: Migrate is installed, version 3.4.1 @ http://localhost:8888/wp-admin/load-scripts.php?c=0&load%5Bchunk_0%5D=clipboard,jquery-core,jquery-migrate,zxcvbn-async,wp-hooks&ver=6.9.4:6
[   26151ms] [LOG] JQMIGRATE: Migrate is installed, version 3.4.1 @ http://localhost:8888/wp-admin/load-scripts.php?c=0&load%5Bchunk_0%5D=jquery-core,jquery-migrate,utils&ver=6.9.4:4
[   26277ms] [LOG] [BBAI] PostHog script injection start https://us-assets.i.posthog.com/static/array.js @ http://localhost:8888/wp-content/plugins/beepbeep-ai-alt-text-generator/assets/js/bbai-posthog.js?ver=1776627859:156
[   26338ms] [LOG] [BBAI] PostHog script onload https://us-assets.i.posthog.com/static/array.js {libraryApiReady: true} @ http://localhost:8888/wp-content/plugins/beepbeep-ai-alt-text-generator/assets/js/bbai-posthog.js?ver=1776627859:156
[   26338ms] [LOG] [BBAI] PostHog init run {instance: posthog, apiHost: https://us.i.posthog.com} @ http://localhost:8888/wp-content/plugins/beepbeep-ai-alt-text-generator/assets/js/bbai-posthog.js?ver=1776627859:156
[   26342ms] [LOG] [BBAI] PostHog ready {instance: bbaiPosthog, loaded: true, hasConfig: true} @ http://localhost:8888/wp-content/plugins/beepbeep-ai-alt-text-generator/assets/js/bbai-posthog.js?ver=1776627859:156
[   26343ms] [LOG] [BBAI] bbaiTrack send plugin_opened {page: dashboard, site_hash: 02c0ab52e1ef4d6f618e4ac907c2383cafd7d36bf2408bfa12f3695f0f44ba98, site_url: http://localhost:8888/, is_logged_in: true, plan_type: free} @ http://localhost:8888/wp-content/plugins/beepbeep-ai-alt-text-generator/assets/js/bbai-posthog.js?ver=1776627859:156
[   26343ms] [LOG] [BBAI] bbaiTrack send dashboard_viewed {page: dashboard, site_hash: 02c0ab52e1ef4d6f618e4ac907c2383cafd7d36bf2408bfa12f3695f0f44ba98, site_url: http://localhost:8888/, is_logged_in: true, plan_type: free} @ http://localhost:8888/wp-content/plugins/beepbeep-ai-alt-text-generator/assets/js/bbai-posthog.js?ver=1776627859:156
[   26343ms] [LOG] [BBAI] bbaiTrack send needs_attention_banner_shown {page: dashboard, site_hash: 02c0ab52e1ef4d6f618e4ac907c2383cafd7d36bf2408bfa12f3695f0f44ba98, site_url: http://localhost:8888/, is_logged_in: true, plan_type: free} @ http://localhost:8888/wp-content/plugins/beepbeep-ai-alt-text-generator/assets/js/bbai-posthog.js?ver=1776627859:156
[   30679ms] [LOG] JQMIGRATE: Migrate is installed, version 3.4.1 @ http://localhost:8888/wp-admin/load-scripts.php?c=0&load%5Bchunk_0%5D=jquery-core,jquery-migrate,utils&ver=6.9.4:4
[   30726ms] [LOG] [BBAI] PostHog script injection start https://us-assets.i.posthog.com/static/array.js @ http://localhost:8888/wp-content/plugins/beepbeep-ai-alt-text-generator/assets/js/bbai-posthog.js?ver=1776627859:156
[   30748ms] [LOG] [BBAI] PostHog script onload https://us-assets.i.posthog.com/static/array.js {libraryApiReady: true} @ http://localhost:8888/wp-content/plugins/beepbeep-ai-alt-text-generator/assets/js/bbai-posthog.js?ver=1776627859:156
[   30748ms] [LOG] [BBAI] PostHog init run {instance: posthog, apiHost: https://us.i.posthog.com} @ http://localhost:8888/wp-content/plugins/beepbeep-ai-alt-text-generator/assets/js/bbai-posthog.js?ver=1776627859:156
[   30751ms] [LOG] [BBAI] PostHog ready {instance: bbaiPosthog, loaded: true, hasConfig: true} @ http://localhost:8888/wp-content/plugins/beepbeep-ai-alt-text-generator/assets/js/bbai-posthog.js?ver=1776627859:156
[   30751ms] [LOG] [BBAI] bbaiTrack send plugin_opened {page: dashboard, site_hash: 02c0ab52e1ef4d6f618e4ac907c2383cafd7d36bf2408bfa12f3695f0f44ba98, site_url: http://localhost:8888/, is_logged_in: true, plan_type: free} @ http://localhost:8888/wp-content/plugins/beepbeep-ai-alt-text-generator/assets/js/bbai-posthog.js?ver=1776627859:156
[   30752ms] [LOG] [BBAI] bbaiTrack send dashboard_viewed {page: dashboard, site_hash: 02c0ab52e1ef4d6f618e4ac907c2383cafd7d36bf2408bfa12f3695f0f44ba98, site_url: http://localhost:8888/, is_logged_in: true, plan_type: free} @ http://localhost:8888/wp-content/plugins/beepbeep-ai-alt-text-generator/assets/js/bbai-posthog.js?ver=1776627859:156
[   30752ms] [LOG] [BBAI] bbaiTrack send needs_attention_banner_shown {page: dashboard, site_hash: 02c0ab52e1ef4d6f618e4ac907c2383cafd7d36bf2408bfa12f3695f0f44ba98, site_url: http://localhost:8888/, is_logged_in: true, plan_type: free} @ http://localhost:8888/wp-content/plugins/beepbeep-ai-alt-text-generator/assets/js/bbai-posthog.js?ver=1776627859:156
[   58071ms] [LOG] [BBAI] bbaiTrack send generation_started {page: dashboard, site_hash: 02c0ab52e1ef4d6f618e4ac907c2383cafd7d36bf2408bfa12f3695f0f44ba98, site_url: http://localhost:8888/, is_logged_in: true, plan_type: free} @ http://localhost:8888/wp-content/plugins/beepbeep-ai-alt-text-generator/assets/js/bbai-posthog.js?ver=1776627859:156
[   58071ms] [LOG] [BBAI] bbaiTrack send feature_used {page: dashboard, site_hash: 02c0ab52e1ef4d6f618e4ac907c2383cafd7d36bf2408bfa12f3695f0f44ba98, site_url: http://localhost:8888/, is_logged_in: true, plan_type: free} @ http://localhost:8888/wp-content/plugins/beepbeep-ai-alt-text-generator/assets/js/bbai-posthog.js?ver=1776627859:156
[   58546ms] [LOG] [BBAI] Generation result {results: Array(1), requested_count: 1, processable_count: 1, processed_count: 1, failed_count: 0} @ http://localhost:8888/wp-content/plugins/beepbeep-ai-alt-text-generator/assets/js/bbai-admin.js?ver=1776672849:15594
[   61957ms] [LOG] [BBAI] Generation result {results: Array(1), requested_count: 1, processable_count: 1, processed_count: 1, failed_count: 0} @ http://localhost:8888/wp-content/plugins/beepbeep-ai-alt-text-generator/assets/js/bbai-admin.js?ver=1776672849:15594
[   65251ms] [LOG] [BBAI] Generation result {results: Array(1), requested_count: 1, processable_count: 1, processed_count: 1, failed_count: 0} @ http://localhost:8888/wp-content/plugins/beepbeep-ai-alt-text-generator/assets/js/bbai-admin.js?ver=1776672849:15594
[   68338ms] [LOG] [BBAI] Generation result {results: Array(1), requested_count: 1, processable_count: 1, processed_count: 1, failed_count: 0} @ http://localhost:8888/wp-content/plugins/beepbeep-ai-alt-text-generator/assets/js/bbai-admin.js?ver=1776672849:15594
[   71360ms] [LOG] [BBAI] Generation result {results: Array(1), requested_count: 1, processable_count: 1, processed_count: 1, failed_count: 0} @ http://localhost:8888/wp-content/plugins/beepbeep-ai-alt-text-generator/assets/js/bbai-admin.js?ver=1776672849:15594
[   74330ms] [LOG] [BBAI] Generation result {results: Array(1), requested_count: 1, processable_count: 1, processed_count: 1, failed_count: 0} @ http://localhost:8888/wp-content/plugins/beepbeep-ai-alt-text-generator/assets/js/bbai-admin.js?ver=1776672849:15594
[   77727ms] [LOG] [BBAI] Generation result {results: Array(1), requested_count: 1, processable_count: 1, processed_count: 1, failed_count: 0} @ http://localhost:8888/wp-content/plugins/beepbeep-ai-alt-text-generator/assets/js/bbai-admin.js?ver=1776672849:15594
[   77981ms] [LOG] [BBAI] bbaiTrack send batch_generation_cta_shown {page: dashboard, site_hash: 02c0ab52e1ef4d6f618e4ac907c2383cafd7d36bf2408bfa12f3695f0f44ba98, site_url: http://localhost:8888/, is_logged_in: true, plan_type: free} @ http://localhost:8888/wp-content/plugins/beepbeep-ai-alt-text-generator/assets/js/bbai-posthog.js?ver=1776627859:156
[   77994ms] [LOG] [BBAI] bbaiTrack send batch_generation_completed {page: dashboard, site_hash: 02c0ab52e1ef4d6f618e4ac907c2383cafd7d36bf2408bfa12f3695f0f44ba98, site_url: http://localhost:8888/, is_logged_in: true, plan_type: free} @ http://localhost:8888/wp-content/plugins/beepbeep-ai-alt-text-generator/assets/js/bbai-posthog.js?ver=1776627859:156
[   77994ms] [LOG] [BBAI] bbaiTrack send generation_completed {page: dashboard, site_hash: 02c0ab52e1ef4d6f618e4ac907c2383cafd7d36bf2408bfa12f3695f0f44ba98, site_url: http://localhost:8888/, is_logged_in: true, plan_type: free} @ http://localhost:8888/wp-content/plugins/beepbeep-ai-alt-text-generator/assets/js/bbai-posthog.js?ver=1776627859:156
[  330327ms] [LOG] JQMIGRATE: Migrate is installed, version 3.4.1 @ http://localhost:8888/wp-admin/load-scripts.php?c=0&load%5Bchunk_0%5D=jquery-core,jquery-migrate,utils&ver=6.9.4:4
[  330375ms] [LOG] [BBAI] PostHog script injection start https://us-assets.i.posthog.com/static/array.js @ http://localhost:8888/wp-content/plugins/beepbeep-ai-alt-text-generator/assets/js/bbai-posthog.js?ver=1776627859:156
[  330422ms] [LOG] [BBAI] PostHog script onload https://us-assets.i.posthog.com/static/array.js {libraryApiReady: true} @ http://localhost:8888/wp-content/plugins/beepbeep-ai-alt-text-generator/assets/js/bbai-posthog.js?ver=1776627859:156
[  330422ms] [LOG] [BBAI] PostHog init run {instance: posthog, apiHost: https://us.i.posthog.com} @ http://localhost:8888/wp-content/plugins/beepbeep-ai-alt-text-generator/assets/js/bbai-posthog.js?ver=1776627859:156
[  330426ms] [LOG] [BBAI] PostHog ready {instance: bbaiPosthog, loaded: true, hasConfig: true} @ http://localhost:8888/wp-content/plugins/beepbeep-ai-alt-text-generator/assets/js/bbai-posthog.js?ver=1776627859:156
[  330426ms] [LOG] [BBAI] bbaiTrack send plugin_opened {page: dashboard, site_hash: 02c0ab52e1ef4d6f618e4ac907c2383cafd7d36bf2408bfa12f3695f0f44ba98, site_url: http://localhost:8888/, is_logged_in: true, plan_type: free} @ http://localhost:8888/wp-content/plugins/beepbeep-ai-alt-text-generator/assets/js/bbai-posthog.js?ver=1776627859:156
[  330426ms] [LOG] [BBAI] bbaiTrack send dashboard_viewed {page: dashboard, site_hash: 02c0ab52e1ef4d6f618e4ac907c2383cafd7d36bf2408bfa12f3695f0f44ba98, site_url: http://localhost:8888/, is_logged_in: true, plan_type: free} @ http://localhost:8888/wp-content/plugins/beepbeep-ai-alt-text-generator/assets/js/bbai-posthog.js?ver=1776627859:156
[  330426ms] [LOG] [BBAI] bbaiTrack send needs_attention_banner_shown {page: dashboard, site_hash: 02c0ab52e1ef4d6f618e4ac907c2383cafd7d36bf2408bfa12f3695f0f44ba98, site_url: http://localhost:8888/, is_logged_in: true, plan_type: free} @ http://localhost:8888/wp-content/plugins/beepbeep-ai-alt-text-generator/assets/js/bbai-posthog.js?ver=1776627859:156
[  333118ms] [LOG] [BBAI] bbaiTrack send generation_started {page: dashboard, site_hash: 02c0ab52e1ef4d6f618e4ac907c2383cafd7d36bf2408bfa12f3695f0f44ba98, site_url: http://localhost:8888/, is_logged_in: true, plan_type: free} @ http://localhost:8888/wp-content/plugins/beepbeep-ai-alt-text-generator/assets/js/bbai-posthog.js?ver=1776627859:156
[  333119ms] [LOG] [BBAI] bbaiTrack send feature_used {page: dashboard, site_hash: 02c0ab52e1ef4d6f618e4ac907c2383cafd7d36bf2408bfa12f3695f0f44ba98, site_url: http://localhost:8888/, is_logged_in: true, plan_type: free} @ http://localhost:8888/wp-content/plugins/beepbeep-ai-alt-text-generator/assets/js/bbai-posthog.js?ver=1776627859:156
[  333563ms] [LOG] [BBAI] Generation result {results: Array(1), requested_count: 1, processable_count: 1, processed_count: 1, failed_count: 0} @ http://localhost:8888/wp-content/plugins/beepbeep-ai-alt-text-generator/assets/js/bbai-admin.js?ver=1776674679:15579
[  336969ms] [LOG] [BBAI] Generation result {results: Array(1), requested_count: 1, processable_count: 1, processed_count: 1, failed_count: 0} @ http://localhost:8888/wp-content/plugins/beepbeep-ai-alt-text-generator/assets/js/bbai-admin.js?ver=1776674679:15579
[  340078ms] [LOG] [BBAI] Generation result {results: Array(1), requested_count: 1, processable_count: 1, processed_count: 1, failed_count: 0} @ http://localhost:8888/wp-content/plugins/beepbeep-ai-alt-text-generator/assets/js/bbai-admin.js?ver=1776674679:15579
[  343162ms] [LOG] [BBAI] Generation result {results: Array(1), requested_count: 1, processable_count: 1, processed_count: 1, failed_count: 0} @ http://localhost:8888/wp-content/plugins/beepbeep-ai-alt-text-generator/assets/js/bbai-admin.js?ver=1776674679:15579
[  346302ms] [LOG] [BBAI] Generation result {results: Array(1), requested_count: 1, processable_count: 1, processed_count: 1, failed_count: 0} @ http://localhost:8888/wp-content/plugins/beepbeep-ai-alt-text-generator/assets/js/bbai-admin.js?ver=1776674679:15579
[  349344ms] [LOG] [BBAI] Generation result {results: Array(1), requested_count: 1, processable_count: 1, processed_count: 1, failed_count: 0} @ http://localhost:8888/wp-content/plugins/beepbeep-ai-alt-text-generator/assets/js/bbai-admin.js?ver=1776674679:15579
[  352452ms] [LOG] [BBAI] Generation result {results: Array(1), requested_count: 1, processable_count: 1, processed_count: 1, failed_count: 0} @ http://localhost:8888/wp-content/plugins/beepbeep-ai-alt-text-generator/assets/js/bbai-admin.js?ver=1776674679:15579
[  352708ms] [LOG] [BBAI] bbaiTrack send batch_generation_cta_shown {page: dashboard, site_hash: 02c0ab52e1ef4d6f618e4ac907c2383cafd7d36bf2408bfa12f3695f0f44ba98, site_url: http://localhost:8888/, is_logged_in: true, plan_type: free} @ http://localhost:8888/wp-content/plugins/beepbeep-ai-alt-text-generator/assets/js/bbai-posthog.js?ver=1776627859:156
[  352714ms] [LOG] [BBAI] bbaiTrack send batch_generation_completed {page: dashboard, site_hash: 02c0ab52e1ef4d6f618e4ac907c2383cafd7d36bf2408bfa12f3695f0f44ba98, site_url: http://localhost:8888/, is_logged_in: true, plan_type: free} @ http://localhost:8888/wp-content/plugins/beepbeep-ai-alt-text-generator/assets/js/bbai-posthog.js?ver=1776627859:156
[  352714ms] [LOG] [BBAI] bbaiTrack send generation_completed {page: dashboard, site_hash: 02c0ab52e1ef4d6f618e4ac907c2383cafd7d36bf2408bfa12f3695f0f44ba98, site_url: http://localhost:8888/, is_logged_in: true, plan_type: free} @ http://localhost:8888/wp-content/plugins/beepbeep-ai-alt-text-generator/assets/js/bbai-posthog.js?ver=1776627859:156
[  365603ms] [LOG] JQMIGRATE: Migrate is installed, version 3.4.1 @ http://localhost:8888/wp-admin/load-scripts.php?c=0&load%5Bchunk_0%5D=jquery-core,jquery-migrate,utils&ver=6.9.4:4
[  365644ms] [LOG] [BBAI] PostHog script injection start https://us-assets.i.posthog.com/static/array.js @ http://localhost:8888/wp-content/plugins/beepbeep-ai-alt-text-generator/assets/js/bbai-posthog.js?ver=1776627859:156
[  365698ms] [LOG] [BBAI] PostHog script onload https://us-assets.i.posthog.com/static/array.js {libraryApiReady: true} @ http://localhost:8888/wp-content/plugins/beepbeep-ai-alt-text-generator/assets/js/bbai-posthog.js?ver=1776627859:156
[  365698ms] [LOG] [BBAI] PostHog init run {instance: posthog, apiHost: https://us.i.posthog.com} @ http://localhost:8888/wp-content/plugins/beepbeep-ai-alt-text-generator/assets/js/bbai-posthog.js?ver=1776627859:156
[  365701ms] [LOG] [BBAI] PostHog ready {instance: bbaiPosthog, loaded: true, hasConfig: true} @ http://localhost:8888/wp-content/plugins/beepbeep-ai-alt-text-generator/assets/js/bbai-posthog.js?ver=1776627859:156
[  365701ms] [LOG] [BBAI] bbaiTrack send plugin_opened {page: dashboard, site_hash: 02c0ab52e1ef4d6f618e4ac907c2383cafd7d36bf2408bfa12f3695f0f44ba98, site_url: http://localhost:8888/, is_logged_in: true, plan_type: free} @ http://localhost:8888/wp-content/plugins/beepbeep-ai-alt-text-generator/assets/js/bbai-posthog.js?ver=1776627859:156
[  365702ms] [LOG] [BBAI] bbaiTrack send dashboard_viewed {page: dashboard, site_hash: 02c0ab52e1ef4d6f618e4ac907c2383cafd7d36bf2408bfa12f3695f0f44ba98, site_url: http://localhost:8888/, is_logged_in: true, plan_type: free} @ http://localhost:8888/wp-content/plugins/beepbeep-ai-alt-text-generator/assets/js/bbai-posthog.js?ver=1776627859:156
[  365752ms] [LOG] [BBAI] bbaiTrack send needs_attention_banner_shown {page: dashboard, site_hash: 02c0ab52e1ef4d6f618e4ac907c2383cafd7d36bf2408bfa12f3695f0f44ba98, site_url: http://localhost:8888/, is_logged_in: true, plan_type: free} @ http://localhost:8888/wp-content/plugins/beepbeep-ai-alt-text-generator/assets/js/bbai-posthog.js?ver=1776627859:156
